#
# A fatal error has been detected by the Java Runtime Environment:
#
#  EXCEPTION_ACCESS_VIOLATION (0xc0000005) at pc=0x00007ffebb902b84, pid=197712, tid=196736
#
# JRE version: Java(TM) SE Runtime Environment (20.0+36) (build 20+36-2344)
# Java VM: Java HotSpot(TM) 64-Bit Server VM (20+36-2344, mixed mode, sharing, tiered, compressed oops, compressed class ptrs, g1 gc, windows-amd64)
# Problematic frame:
# V  [jvm.dll+0x252b84]
#
# No core dump will be written. Minidumps are not enabled by default on client versions of Windows
#
# If you would like to submit a bug report, please visit:
#   https://bugreport.java.com/bugreport/crash.jsp
#

---------------  S U M M A R Y ------------

Command Line: -agentlib:jdwp=transport=dt_socket,address=127.0.0.1:4418,suspend=y,server=n -javaagent:C:\Users\onlyt\AppData\Local\JetBrains\IntelliJIdea2023.2\captureAgent\debugger-agent.jar -Dfile.encoding=UTF-8 -Dsun.stdout.encoding=UTF-8 -Dsun.stderr.encoding=UTF-8 --module-path=D:\Programmation\idea\Puzzle-l3-2023-grp6\target\classes;C:\Users\onlyt\.m2\repository\org\openjfx\javafx-fxml\17.0.6\javafx-fxml-17.0.6-win.jar;C:\Users\onlyt\.m2\repository\org\openjfx\javafx-base\17.0.6\javafx-base-17.0.6-win.jar;C:\Users\onlyt\.m2\repository\org\openjfx\javafx-graphics\17.0.6\javafx-graphics-17.0.6-win.jar;C:\Users\onlyt\.m2\repository\org\openjfx\javafx-controls\17.0.6\javafx-controls-17.0.6-win.jar;C:\Program Files\Java\jdk-20\mysql-connector-java-8.2.0.jar -Djdk.module.main=com.example.puzzle com.example.puzzle/projet.PuzzleApplication

Host: Intel(R) Core(TM) i7-8700K CPU @ 3.70GHz, 12 cores, 15G,  Windows 10 , 64 bit Build 19041 (10.0.19041.2913)
Time: Mon Nov 20 18:06:10 2023 Paris, Madrid elapsed time: 1.403994 seconds (0d 0h 0m 1s)

---------------  T H R E A D  ---------------

Current thread (0x00000228db189c40):  JavaThread "C2 CompilerThread0" daemon [_thread_in_native, id=196736, stack(0x000000de7e100000,0x000000de7e200000)]


Current CompileTask:
C2:   1404 2074       4       java.lang.invoke.MethodType::makeImpl (109 bytes)

Stack: [0x000000de7e100000,0x000000de7e200000],  sp=0x000000de7e1fbbd0,  free space=1006k
Native frames: (J=compiled Java code, j=interpreted, Vv=VM code, C=native code)
V  [jvm.dll+0x252b84]
V  [jvm.dll+0x64c672]
V  [jvm.dll+0x64b4b7]
V  [jvm.dll+0x24b0de]
V  [jvm.dll+0x24a651]
V  [jvm.dll+0x1ce491]
V  [jvm.dll+0x259e1b]
V  [jvm.dll+0x2584f0]
V  [jvm.dll+0x3f2895]
V  [jvm.dll+0x7f4906]
V  [jvm.dll+0x6ba5cb]
C  [ucrtbase.dll+0x21bb2]
C  [KERNEL32.DLL+0x17614]
C  [ntdll.dll+0x526a1]


siginfo: EXCEPTION_ACCESS_VIOLATION (0xc0000005), reading address 0x00000a28dfea5f78


Registers:
RAX=0x00000a28dfea5f78, RBX=0x000000de7e1fbc40, RCX=0x0000000000000bcb, RDX=0x00000228e9038534
RSP=0x000000de7e1fbbd0, RBP=0x000000de7e1fbc90, RSI=0x0000000000000ed8, RDI=0x00000228e8e6f5e0
R8 =0x0000000004000000, R9 =0x00000000000000e0, R10=0x00007ffef1c60000, R11=0x00007ffef1c61b41
R12=0x0000000000000004, R13=0x00000228dfea5f10, R14=0x0000000000000000, R15=0x000000000000001a
RIP=0x00007ffebb902b84, EFLAGS=0x0000000000010246


Register to memory mapping:

RIP=0x00007ffebb902b84 jvm.dll
RAX=0x00000a28dfea5f78 is an unknown value
RBX=0x000000de7e1fbc40 is pointing into the stack for thread: 0x00000228db189c40
RCX=0x0000000000000bcb is an unknown value
RDX=0x00000228e9038534 points into unknown readable memory: 33 bf 7b d4
RSP=0x000000de7e1fbbd0 is pointing into the stack for thread: 0x00000228db189c40
RBP=0x000000de7e1fbc90 is pointing into the stack for thread: 0x00000228db189c40
RSI=0x0000000000000ed8 is an unknown value
RDI=0x00000228e8e6f5e0 points into unknown readable memory: 0x00007ffebc028398 | 98 83 02 bc fe 7f 00 00
R8 =0x0000000004000000 is an unknown value
R9 =0x00000000000000e0 is an unknown value
R10=0x00007ffef1c60000 VCRUNTIME140.dll
R11=0x00007ffef1c61b41 VCRUNTIME140.dll
R12=0x0000000000000004 is an unknown value
R13=0x00000228dfea5f10 points into unknown readable memory: 0x00007ffebbfab898 | 98 b8 fa bb fe 7f 00 00
R14=0x0 is NULL
R15=0x000000000000001a is an unknown value


Top of Stack: (sp=0x000000de7e1fbbd0)
0x000000de7e1fbbd0:   000000de7e1fbc40 000000de7e1fbc90
0x000000de7e1fbbe0:   000000de7e1fe460 0000000000001d96
0x000000de7e1fbbf0:   000000de7e1fc090 00000228db1835f0
0x000000de7e1fbc00:   00000228df952b08 000000000018aa10
0x000000de7e1fbc10:   0000000000000000 00007ffebbcfc672
0x000000de7e1fbc20:   0000000000000bcb 000000de7e1fbc90
0x000000de7e1fbc30:   00000228df94ab20 00000228df951980
0x000000de7e1fbc40:   00000228db1835f0 0000022800002000
0x000000de7e1fbc50:   00000228e0a73790 0000022800000ed9
0x000000de7e1fbc60:   0000022800000100 00000228e9038460
0x000000de7e1fbc70:   00007ffe00000100 00000228db1835f0
0x000000de7e1fbc80:   00007ffe00000000 00007ffebb8fab32
0x000000de7e1fbc90:   000000de7e1fe710 00000228e903c660
0x000000de7e1fbca0:   00000228e8e71638 00000228e0ced9a8
0x000000de7e1fbcb0:   000000de7e1fe460 00000228df891960
0x000000de7e1fbcc0:   000000de7e1fbd50 00007ffebbcfb4b7
0x000000de7e1fbcd0:   00000228df951980 00000228df952b08
0x000000de7e1fbce0:   000000000018aa10 000000de7e1fc090
0x000000de7e1fbcf0:   0000000000100000 0000000000000000
0x000000de7e1fbd00:   0000000000000000 0000000000000000
0x000000de7e1fbd10:   0000000000000000 00007ffebc078360
0x000000de7e1fbd20:   0000000000000000 0000000000000000
0x000000de7e1fbd30:   0000000000000000 00007ffebc078360
0x000000de7e1fbd40:   0000000000000000 0000000000000000
0x000000de7e1fbd50:   0000000000000000 000000de7e1fe460
0x000000de7e1fbd60:   00000228db15a490 0000000000000068
0x000000de7e1fbd70:   00007ffebc018cc8 0000000080000000
0x000000de7e1fbd80:   000000de7e1fbe90 00007ffebb8fb0de
0x000000de7e1fbd90:   00000228df891960 000000de7e1fe710
0x000000de7e1fbda0:   000000de7e1fe460 00000228e0bead58
0x000000de7e1fbdb0:   00000228dfb99b00 00000228e9068510
0x000000de7e1fbdc0:   0000000000000000 0000000000000000 

Instructions: (pc=0x00007ffebb902b84)
0x00007ffebb902a84:   8b 8d a8 07 00 00 48 8b d7 e8 4e d0 e7 ff 41 8b
0x00007ffebb902a94:   c6 48 f7 d8 4d 8d 24 c4 4c 3b e6 0f 83 0b fe ff
0x00007ffebb902aa4:   ff 4c 8b 7c 24 30 4c 8b 74 24 38 48 8b 7c 24 40
0x00007ffebb902ab4:   48 8b ac 24 80 00 00 00 48 83 c4 48 41 5d 41 5c
0x00007ffebb902ac4:   5e 5b c3 cc cc cc cc cc cc cc cc cc 40 53 56 57
0x00007ffebb902ad4:   48 83 ec 30 8b b9 50 02 00 00 48 8b da 2b b9 78
0x00007ffebb902ae4:   02 00 00 48 8b f1 3b 7a 08 72 0a 8b d7 48 8b cb
0x00007ffebb902af4:   e8 27 6d 44 00 48 8b 43 10 48 c7 04 f8 00 00 00
0x00007ffebb902b04:   00 48 8b 96 e0 02 00 00 48 85 d2 74 08 48 8b cb
0x00007ffebb902b14:   e8 c7 cf e7 ff 48 8b 96 e8 02 00 00 48 85 d2 74
0x00007ffebb902b24:   08 48 8b cb e8 b3 cf e7 ff 33 c0 89 44 24 50 39
0x00007ffebb902b34:   43 18 0f 86 f8 00 00 00 48 89 6c 24 58 4c 89 64
0x00007ffebb902b44:   24 60 4c 89 6c 24 68 4c 89 74 24 28 4c 89 7c 24
0x00007ffebb902b54:   20 66 66 66 0f 1f 84 00 00 00 00 00 8b c8 48 8b
0x00007ffebb902b64:   43 10 4c 8b 2c c8 41 8b 45 1c 85 c0 0f 84 92 00
0x00007ffebb902b74:   00 00 45 33 f6 44 8b e0 0f 1f 40 00 49 8b 45 08
0x00007ffebb902b84:   49 8b 3c 06 48 85 ff 74 6d 40 f6 c7 01 75 67 48
0x00007ffebb902b94:   83 3f fe 74 61 44 8b 7f 28 41 8b f7 c1 ee 05 3b
0x00007ffebb902ba4:   73 20 72 0b 8b d6 48 8d 4b 20 e8 5d e2 5d 00 48
0x00007ffebb902bb4:   8b 43 28 41 83 e7 1f 48 8d 14 b0 41 0f b6 cf 41
0x00007ffebb902bc4:   b8 01 00 00 00 41 d3 e0 8b 0a 8b c1 41 0b c0 89
0x00007ffebb902bd4:   02 41 85 c8 75 20 8b 73 18 8d 46 01 89 43 18 3b
0x00007ffebb902be4:   73 08 72 0a 8b d6 48 8b cb e8 2e 6c 44 00 48 8b
0x00007ffebb902bf4:   43 10 48 89 3c f0 49 83 c6 08 49 83 ec 01 0f 85
0x00007ffebb902c04:   78 ff ff ff 8b 44 24 50 ff c0 89 44 24 50 3b 43
0x00007ffebb902c14:   18 0f 82 45 ff ff ff 4c 8b 7c 24 20 4c 8b 74 24
0x00007ffebb902c24:   28 4c 8b 6c 24 68 4c 8b 64 24 60 48 8b 6c 24 58
0x00007ffebb902c34:   48 83 c4 30 5f 5e 5b c3 cc cc cc cc 40 53 48 83
0x00007ffebb902c44:   ec 20 48 8b 81 f0 02 00 00 48 8b d9 48 85 c0 75
0x00007ffebb902c54:   27 e8 96 37 00 00 48 8b d0 48 8b 48 10 48 8b 01
0x00007ffebb902c64:   48 3b c2 74 06 83 78 38 02 74 06 48 83 c1 08 eb
0x00007ffebb902c74:   ec 48 89 83 f0 02 00 00 48 83 c4 20 5b c3 cc cc 


Stack slot to memory mapping:
stack at sp + 0 slots: 0x000000de7e1fbc40 is pointing into the stack for thread: 0x00000228db189c40
stack at sp + 1 slots: 0x000000de7e1fbc90 is pointing into the stack for thread: 0x00000228db189c40
stack at sp + 2 slots: 0x000000de7e1fe460 is pointing into the stack for thread: 0x00000228db189c40
stack at sp + 3 slots: 0x0000000000001d96 is an unknown value
stack at sp + 4 slots: 0x000000de7e1fc090 is pointing into the stack for thread: 0x00000228db189c40
stack at sp + 5 slots: 0x00000228db1835f0 points into unknown readable memory: 0x0000000000000007 | 07 00 00 00 00 00 00 00
stack at sp + 6 slots: 0x00000228df952b08 points into unknown readable memory: 0x081678c63a774c15 | 15 4c 77 3a c6 78 16 08
stack at sp + 7 slots: 0x000000000018aa10 is an unknown value


---------------  P R O C E S S  ---------------

Threads class SMR info:
_java_thread_list=0x00000228e926f680, length=24, elements={
0x00000228bb743e40, 0x00000228db17f550, 0x00000228db1804f0, 0x00000228db182650,
0x00000228db1870c0, 0x00000228db187ba0, 0x00000228db188680, 0x00000228db189c40,
0x00000228db194530, 0x00000228df4ec5e0, 0x00000228df549ff0, 0x00000228df9c63d0,
0x00000228dfb1f1e0, 0x00000228dfc1e4e0, 0x00000228dfcad2f0, 0x00000228e009c010,
0x00000228e02789e0, 0x00000228e027baa0, 0x00000228e059be50, 0x00000228e059a910,
0x00000228e059d8e0, 0x00000228e975dec0, 0x00000228e059ae60, 0x00000228e059d390
}

Java Threads: ( => current thread )
  0x00000228bb743e40 JavaThread "main" [_thread_blocked, id=199908, stack(0x000000de7d400000,0x000000de7d500000)]
  0x00000228db17f550 JavaThread "Reference Handler" daemon [_thread_blocked, id=196720, stack(0x000000de7db00000,0x000000de7dc00000)]
  0x00000228db1804f0 JavaThread "Finalizer" daemon [_thread_blocked, id=198832, stack(0x000000de7dc00000,0x000000de7dd00000)]
  0x00000228db182650 JavaThread "Signal Dispatcher" daemon [_thread_blocked, id=196928, stack(0x000000de7dd00000,0x000000de7de00000)]
  0x00000228db1870c0 JavaThread "Attach Listener" daemon [_thread_blocked, id=71880, stack(0x000000de7de00000,0x000000de7df00000)]
  0x00000228db187ba0 JavaThread "Service Thread" daemon [_thread_blocked, id=198192, stack(0x000000de7df00000,0x000000de7e000000)]
  0x00000228db188680 JavaThread "Monitor Deflation Thread" daemon [_thread_blocked, id=199336, stack(0x000000de7e000000,0x000000de7e100000)]
=>0x00000228db189c40 JavaThread "C2 CompilerThread0" daemon [_thread_in_native, id=196736, stack(0x000000de7e100000,0x000000de7e200000)]
  0x00000228db194530 JavaThread "C1 CompilerThread0" daemon [_thread_blocked, id=199896, stack(0x000000de7e200000,0x000000de7e300000)]
  0x00000228df4ec5e0 JavaThread "Common-Cleaner" daemon [_thread_blocked, id=198304, stack(0x000000de7e300000,0x000000de7e400000)]
  0x00000228df549ff0 JavaThread "C2 CompilerThread1" daemon [_thread_in_native, id=200576, stack(0x000000de7e400000,0x000000de7e500000)]
  0x00000228df9c63d0 JavaThread "JDWP Transport Listener: dt_socket" daemon [_thread_blocked, id=199260, stack(0x000000de7e600000,0x000000de7e700000)]
  0x00000228dfb1f1e0 JavaThread "JDWP Event Helper Thread" daemon [_thread_blocked, id=199916, stack(0x000000de7e700000,0x000000de7e800000)]
  0x00000228dfc1e4e0 JavaThread "JDWP Command Reader" daemon [_thread_in_native, id=193656, stack(0x000000de7e800000,0x000000de7e900000)]
  0x00000228dfcad2f0 JavaThread "Notification Thread" daemon [_thread_blocked, id=198280, stack(0x000000de7e900000,0x000000de7ea00000)]
  0x00000228e009c010 JavaThread "QuantumRenderer-0" daemon [_thread_blocked, id=196896, stack(0x000000de7e500000,0x000000de7e600000)]
  0x00000228e02789e0 JavaThread "InvokeLaterDispatcher" daemon [_thread_blocked, id=128588, stack(0x000000de7ec00000,0x000000de7ed00000)]
  0x00000228e027baa0 JavaThread "JavaFX Application Thread" [_thread_in_native, id=199200, stack(0x000000de7ed00000,0x000000de7ee00000)]
  0x00000228e059be50 JavaThread "Thread-1" daemon [_thread_in_native, id=200672, stack(0x000000de7f800000,0x000000de7f900000)]
  0x00000228e059a910 JavaThread "JavaFX-Launcher" [_thread_blocked, id=197436, stack(0x000000de7f900000,0x000000de7fa00000)]
  0x00000228e059d8e0 JavaThread "Thread-4" daemon [_thread_in_Java, id=153444, stack(0x000000de7fb00000,0x000000de7fc00000)]
  0x00000228e975dec0 JavaThread "C2 CompilerThread2" daemon [_thread_blocked, id=191388, stack(0x000000de7fe00000,0x000000de7ff00000)]
  0x00000228e059ae60 JavaThread "Prism Font Disposer" daemon [_thread_blocked, id=194016, stack(0x000000de7ff00000,0x000000de80000000)]
  0x00000228e059d390 JavaThread "Cleaner-0" daemon [_thread_blocked, id=57072, stack(0x000000de00030000,0x000000de00130000)]

Other Threads:
  0x00000228db15eff0 VMThread "VM Thread" [stack: 0x000000de7da00000,0x000000de7db00000] [id=197600]
  0x00000228df6c88d0 WatcherThread "VM Periodic Task Thread" [stack: 0x000000de7ea00000,0x000000de7eb00000] [id=197648]
  0x00000228bb7b36f0 WorkerThread "GC Thread#0" [stack: 0x000000de7d500000,0x000000de7d600000] [id=15380]
  0x00000228e055f1a0 WorkerThread "GC Thread#1" [stack: 0x000000de7ef00000,0x000000de7f000000] [id=194828]
  0x00000228e0560550 WorkerThread "GC Thread#2" [stack: 0x000000de7f000000,0x000000de7f100000] [id=41344]
  0x00000228e055ec00 WorkerThread "GC Thread#3" [stack: 0x000000de7f100000,0x000000de7f200000] [id=193680]
  0x00000228e055f470 WorkerThread "GC Thread#4" [stack: 0x000000de7f200000,0x000000de7f300000] [id=198476]
  0x00000228e055ffb0 WorkerThread "GC Thread#5" [stack: 0x000000de7f300000,0x000000de7f400000] [id=163952]
  0x00000228e0560280 WorkerThread "GC Thread#6" [stack: 0x000000de7f400000,0x000000de7f500000] [id=199728]
  0x00000228e055fa10 WorkerThread "GC Thread#7" [stack: 0x000000de7f500000,0x000000de7f600000] [id=200132]
  0x00000228e077fc50 WorkerThread "GC Thread#8" [stack: 0x000000de7f600000,0x000000de7f700000] [id=3268]
  0x00000228e077f6b0 WorkerThread "GC Thread#9" [stack: 0x000000de7f700000,0x000000de7f800000] [id=199192]
  0x00000228bb7c46e0 ConcurrentGCThread "G1 Main Marker" [stack: 0x000000de7d600000,0x000000de7d700000] [id=11468]
  0x00000228bb7c58b0 WorkerThread "G1 Conc#0" [stack: 0x000000de7d700000,0x000000de7d800000] [id=7048]
  0x00000228db010550 ConcurrentGCThread "G1 Refine#0" [stack: 0x000000de7d800000,0x000000de7d900000] [id=194028]
  0x00000228db010ff0 ConcurrentGCThread "G1 Service" [stack: 0x000000de7d900000,0x000000de7da00000] [id=199304]

Threads with active compile tasks:
C2 CompilerThread0     1519 2074       4       java.lang.invoke.MethodType::makeImpl (109 bytes)
C2 CompilerThread1     1519 2314       4       java.lang.invoke.MethodType::methodType (69 bytes)

VM state: not at safepoint (normal execution)

VM Mutex/Monitor currently owned by a thread: None

Heap address: 0x0000000700c00000, size: 4084 MB, Compressed Oops mode: Zero based, Oop shift amount: 3

CDS archive(s) mapped at: [0x0000000800000000-0x0000000800c60000-0x0000000800c60000), size 12976128, SharedBaseAddress: 0x0000000800000000, ArchiveRelocationMode: 0.
Compressed class space mapped at: 0x0000000801000000-0x0000000841000000, reserved size: 1073741824
Narrow klass base: 0x0000000800000000, Narrow klass shift: 0, Narrow klass range: 0x100000000

GC Precious Log:
 CardTable entry size: 512
 Card Set container configuration: InlinePtr #cards 4 size 8 Array Of Cards #cards 16 size 48 Howl #buckets 8 coarsen threshold 3686 Howl Bitmap #cards 512 size 80 coarsen threshold 460 Card regions per heap region 1 cards per card region 4096
 CPUs: 12 total, 12 available
 Memory: 16332M
 Large Page Support: Disabled
 NUMA Support: Disabled
 Compressed Oops: Enabled (Zero based)
 Heap Region Size: 2M
 Heap Min Capacity: 8M
 Heap Initial Capacity: 256M
 Heap Max Capacity: 4084M
 Pre-touch: Disabled
 Parallel Workers: 10
 Concurrent Workers: 3
 Concurrent Refinement Workers: 10
 Periodic GC: Disabled

Heap:
 garbage-first heap   total 262144K, used 24608K [0x0000000700c00000, 0x0000000800000000)
  region size 2048K, 12 young (24576K), 3 survivors (6144K)
 Metaspace       used 16337K, committed 16704K, reserved 1114112K
  class space    used 2313K, committed 2496K, reserved 1048576K

Heap Regions: E=young(eden), S=young(survivor), O=old, HS=humongous(starts), HC=humongous(continues), CS=collection set, F=free, OA=open archive, CA=closed archive, TAMS=top-at-mark-start, PB=parsable bottom
|   0|0x0000000700c00000, 0x0000000700c08200, 0x0000000700e00000|  1%| O|  |TAMS 0x0000000700c00000| PB 0x0000000700c00000| Untracked 
|   1|0x0000000700e00000, 0x0000000701000000, 0x0000000701000000|100%|HS|  |TAMS 0x0000000700e00000| PB 0x0000000700e00000| Complete 
|   2|0x0000000701000000, 0x0000000701000000, 0x0000000701200000|  0%| F|  |TAMS 0x0000000701000000| PB 0x0000000701000000| Untracked 
|   3|0x0000000701200000, 0x0000000701200000, 0x0000000701400000|  0%| F|  |TAMS 0x0000000701200000| PB 0x0000000701200000| Untracked 
|   4|0x0000000701400000, 0x0000000701400000, 0x0000000701600000|  0%| F|  |TAMS 0x0000000701400000| PB 0x0000000701400000| Untracked 
|   5|0x0000000701600000, 0x0000000701600000, 0x0000000701800000|  0%| F|  |TAMS 0x0000000701600000| PB 0x0000000701600000| Untracked 
|   6|0x0000000701800000, 0x0000000701800000, 0x0000000701a00000|  0%| F|  |TAMS 0x0000000701800000| PB 0x0000000701800000| Untracked 
|   7|0x0000000701a00000, 0x0000000701a00000, 0x0000000701c00000|  0%| F|  |TAMS 0x0000000701a00000| PB 0x0000000701a00000| Untracked 
|   8|0x0000000701c00000, 0x0000000701c00000, 0x0000000701e00000|  0%| F|  |TAMS 0x0000000701c00000| PB 0x0000000701c00000| Untracked 
|   9|0x0000000701e00000, 0x0000000701e00000, 0x0000000702000000|  0%| F|  |TAMS 0x0000000701e00000| PB 0x0000000701e00000| Untracked 
|  10|0x0000000702000000, 0x0000000702000000, 0x0000000702200000|  0%| F|  |TAMS 0x0000000702000000| PB 0x0000000702000000| Untracked 
|  11|0x0000000702200000, 0x0000000702200000, 0x0000000702400000|  0%| F|  |TAMS 0x0000000702200000| PB 0x0000000702200000| Untracked 
|  12|0x0000000702400000, 0x0000000702400000, 0x0000000702600000|  0%| F|  |TAMS 0x0000000702400000| PB 0x0000000702400000| Untracked 
|  13|0x0000000702600000, 0x0000000702600000, 0x0000000702800000|  0%| F|  |TAMS 0x0000000702600000| PB 0x0000000702600000| Untracked 
|  14|0x0000000702800000, 0x0000000702800000, 0x0000000702a00000|  0%| F|  |TAMS 0x0000000702800000| PB 0x0000000702800000| Untracked 
|  15|0x0000000702a00000, 0x0000000702a00000, 0x0000000702c00000|  0%| F|  |TAMS 0x0000000702a00000| PB 0x0000000702a00000| Untracked 
|  16|0x0000000702c00000, 0x0000000702c00000, 0x0000000702e00000|  0%| F|  |TAMS 0x0000000702c00000| PB 0x0000000702c00000| Untracked 
|  17|0x0000000702e00000, 0x0000000702e00000, 0x0000000703000000|  0%| F|  |TAMS 0x0000000702e00000| PB 0x0000000702e00000| Untracked 
|  18|0x0000000703000000, 0x0000000703000000, 0x0000000703200000|  0%| F|  |TAMS 0x0000000703000000| PB 0x0000000703000000| Untracked 
|  19|0x0000000703200000, 0x0000000703200000, 0x0000000703400000|  0%| F|  |TAMS 0x0000000703200000| PB 0x0000000703200000| Untracked 
|  20|0x0000000703400000, 0x0000000703400000, 0x0000000703600000|  0%| F|  |TAMS 0x0000000703400000| PB 0x0000000703400000| Untracked 
|  21|0x0000000703600000, 0x0000000703600000, 0x0000000703800000|  0%| F|  |TAMS 0x0000000703600000| PB 0x0000000703600000| Untracked 
|  22|0x0000000703800000, 0x0000000703800000, 0x0000000703a00000|  0%| F|  |TAMS 0x0000000703800000| PB 0x0000000703800000| Untracked 
|  23|0x0000000703a00000, 0x0000000703a00000, 0x0000000703c00000|  0%| F|  |TAMS 0x0000000703a00000| PB 0x0000000703a00000| Untracked 
|  24|0x0000000703c00000, 0x0000000703c00000, 0x0000000703e00000|  0%| F|  |TAMS 0x0000000703c00000| PB 0x0000000703c00000| Untracked 
|  25|0x0000000703e00000, 0x0000000703e00000, 0x0000000704000000|  0%| F|  |TAMS 0x0000000703e00000| PB 0x0000000703e00000| Untracked 
|  26|0x0000000704000000, 0x0000000704000000, 0x0000000704200000|  0%| F|  |TAMS 0x0000000704000000| PB 0x0000000704000000| Untracked 
|  27|0x0000000704200000, 0x0000000704200000, 0x0000000704400000|  0%| F|  |TAMS 0x0000000704200000| PB 0x0000000704200000| Untracked 
|  28|0x0000000704400000, 0x0000000704400000, 0x0000000704600000|  0%| F|  |TAMS 0x0000000704400000| PB 0x0000000704400000| Untracked 
|  29|0x0000000704600000, 0x0000000704600000, 0x0000000704800000|  0%| F|  |TAMS 0x0000000704600000| PB 0x0000000704600000| Untracked 
|  30|0x0000000704800000, 0x0000000704800000, 0x0000000704a00000|  0%| F|  |TAMS 0x0000000704800000| PB 0x0000000704800000| Untracked 
|  31|0x0000000704a00000, 0x0000000704a00000, 0x0000000704c00000|  0%| F|  |TAMS 0x0000000704a00000| PB 0x0000000704a00000| Untracked 
|  32|0x0000000704c00000, 0x0000000704c00000, 0x0000000704e00000|  0%| F|  |TAMS 0x0000000704c00000| PB 0x0000000704c00000| Untracked 
|  33|0x0000000704e00000, 0x0000000704e00000, 0x0000000705000000|  0%| F|  |TAMS 0x0000000704e00000| PB 0x0000000704e00000| Untracked 
|  34|0x0000000705000000, 0x0000000705000000, 0x0000000705200000|  0%| F|  |TAMS 0x0000000705000000| PB 0x0000000705000000| Untracked 
|  35|0x0000000705200000, 0x0000000705200000, 0x0000000705400000|  0%| F|  |TAMS 0x0000000705200000| PB 0x0000000705200000| Untracked 
|  36|0x0000000705400000, 0x0000000705400000, 0x0000000705600000|  0%| F|  |TAMS 0x0000000705400000| PB 0x0000000705400000| Untracked 
|  37|0x0000000705600000, 0x0000000705600000, 0x0000000705800000|  0%| F|  |TAMS 0x0000000705600000| PB 0x0000000705600000| Untracked 
|  38|0x0000000705800000, 0x0000000705800000, 0x0000000705a00000|  0%| F|  |TAMS 0x0000000705800000| PB 0x0000000705800000| Untracked 
|  39|0x0000000705a00000, 0x0000000705a00000, 0x0000000705c00000|  0%| F|  |TAMS 0x0000000705a00000| PB 0x0000000705a00000| Untracked 
|  40|0x0000000705c00000, 0x0000000705c00000, 0x0000000705e00000|  0%| F|  |TAMS 0x0000000705c00000| PB 0x0000000705c00000| Untracked 
|  41|0x0000000705e00000, 0x0000000705e00000, 0x0000000706000000|  0%| F|  |TAMS 0x0000000705e00000| PB 0x0000000705e00000| Untracked 
|  42|0x0000000706000000, 0x0000000706000000, 0x0000000706200000|  0%| F|  |TAMS 0x0000000706000000| PB 0x0000000706000000| Untracked 
|  43|0x0000000706200000, 0x0000000706200000, 0x0000000706400000|  0%| F|  |TAMS 0x0000000706200000| PB 0x0000000706200000| Untracked 
|  44|0x0000000706400000, 0x0000000706400000, 0x0000000706600000|  0%| F|  |TAMS 0x0000000706400000| PB 0x0000000706400000| Untracked 
|  45|0x0000000706600000, 0x0000000706600000, 0x0000000706800000|  0%| F|  |TAMS 0x0000000706600000| PB 0x0000000706600000| Untracked 
|  46|0x0000000706800000, 0x0000000706800000, 0x0000000706a00000|  0%| F|  |TAMS 0x0000000706800000| PB 0x0000000706800000| Untracked 
|  47|0x0000000706a00000, 0x0000000706a00000, 0x0000000706c00000|  0%| F|  |TAMS 0x0000000706a00000| PB 0x0000000706a00000| Untracked 
|  48|0x0000000706c00000, 0x0000000706c00000, 0x0000000706e00000|  0%| F|  |TAMS 0x0000000706c00000| PB 0x0000000706c00000| Untracked 
|  49|0x0000000706e00000, 0x0000000706e00000, 0x0000000707000000|  0%| F|  |TAMS 0x0000000706e00000| PB 0x0000000706e00000| Untracked 
|  50|0x0000000707000000, 0x0000000707000000, 0x0000000707200000|  0%| F|  |TAMS 0x0000000707000000| PB 0x0000000707000000| Untracked 
|  51|0x0000000707200000, 0x0000000707200000, 0x0000000707400000|  0%| F|  |TAMS 0x0000000707200000| PB 0x0000000707200000| Untracked 
|  52|0x0000000707400000, 0x0000000707400000, 0x0000000707600000|  0%| F|  |TAMS 0x0000000707400000| PB 0x0000000707400000| Untracked 
|  53|0x0000000707600000, 0x0000000707600000, 0x0000000707800000|  0%| F|  |TAMS 0x0000000707600000| PB 0x0000000707600000| Untracked 
|  54|0x0000000707800000, 0x0000000707800000, 0x0000000707a00000|  0%| F|  |TAMS 0x0000000707800000| PB 0x0000000707800000| Untracked 
|  55|0x0000000707a00000, 0x0000000707a00000, 0x0000000707c00000|  0%| F|  |TAMS 0x0000000707a00000| PB 0x0000000707a00000| Untracked 
|  56|0x0000000707c00000, 0x0000000707c00000, 0x0000000707e00000|  0%| F|  |TAMS 0x0000000707c00000| PB 0x0000000707c00000| Untracked 
|  57|0x0000000707e00000, 0x0000000707e00000, 0x0000000708000000|  0%| F|  |TAMS 0x0000000707e00000| PB 0x0000000707e00000| Untracked 
|  58|0x0000000708000000, 0x0000000708000000, 0x0000000708200000|  0%| F|  |TAMS 0x0000000708000000| PB 0x0000000708000000| Untracked 
|  59|0x0000000708200000, 0x0000000708200000, 0x0000000708400000|  0%| F|  |TAMS 0x0000000708200000| PB 0x0000000708200000| Untracked 
|  60|0x0000000708400000, 0x0000000708400000, 0x0000000708600000|  0%| F|  |TAMS 0x0000000708400000| PB 0x0000000708400000| Untracked 
|  61|0x0000000708600000, 0x0000000708600000, 0x0000000708800000|  0%| F|  |TAMS 0x0000000708600000| PB 0x0000000708600000| Untracked 
|  62|0x0000000708800000, 0x0000000708800000, 0x0000000708a00000|  0%| F|  |TAMS 0x0000000708800000| PB 0x0000000708800000| Untracked 
|  63|0x0000000708a00000, 0x0000000708a00000, 0x0000000708c00000|  0%| F|  |TAMS 0x0000000708a00000| PB 0x0000000708a00000| Untracked 
|  64|0x0000000708c00000, 0x0000000708c00000, 0x0000000708e00000|  0%| F|  |TAMS 0x0000000708c00000| PB 0x0000000708c00000| Untracked 
|  65|0x0000000708e00000, 0x0000000708e00000, 0x0000000709000000|  0%| F|  |TAMS 0x0000000708e00000| PB 0x0000000708e00000| Untracked 
|  66|0x0000000709000000, 0x0000000709000000, 0x0000000709200000|  0%| F|  |TAMS 0x0000000709000000| PB 0x0000000709000000| Untracked 
|  67|0x0000000709200000, 0x0000000709200000, 0x0000000709400000|  0%| F|  |TAMS 0x0000000709200000| PB 0x0000000709200000| Untracked 
|  68|0x0000000709400000, 0x0000000709400000, 0x0000000709600000|  0%| F|  |TAMS 0x0000000709400000| PB 0x0000000709400000| Untracked 
|  69|0x0000000709600000, 0x0000000709600000, 0x0000000709800000|  0%| F|  |TAMS 0x0000000709600000| PB 0x0000000709600000| Untracked 
|  70|0x0000000709800000, 0x0000000709800000, 0x0000000709a00000|  0%| F|  |TAMS 0x0000000709800000| PB 0x0000000709800000| Untracked 
|  71|0x0000000709a00000, 0x0000000709a00000, 0x0000000709c00000|  0%| F|  |TAMS 0x0000000709a00000| PB 0x0000000709a00000| Untracked 
|  72|0x0000000709c00000, 0x0000000709c00000, 0x0000000709e00000|  0%| F|  |TAMS 0x0000000709c00000| PB 0x0000000709c00000| Untracked 
|  73|0x0000000709e00000, 0x0000000709e00000, 0x000000070a000000|  0%| F|  |TAMS 0x0000000709e00000| PB 0x0000000709e00000| Untracked 
|  74|0x000000070a000000, 0x000000070a000000, 0x000000070a200000|  0%| F|  |TAMS 0x000000070a000000| PB 0x000000070a000000| Untracked 
|  75|0x000000070a200000, 0x000000070a200000, 0x000000070a400000|  0%| F|  |TAMS 0x000000070a200000| PB 0x000000070a200000| Untracked 
|  76|0x000000070a400000, 0x000000070a400000, 0x000000070a600000|  0%| F|  |TAMS 0x000000070a400000| PB 0x000000070a400000| Untracked 
|  77|0x000000070a600000, 0x000000070a600000, 0x000000070a800000|  0%| F|  |TAMS 0x000000070a600000| PB 0x000000070a600000| Untracked 
|  78|0x000000070a800000, 0x000000070a800000, 0x000000070aa00000|  0%| F|  |TAMS 0x000000070a800000| PB 0x000000070a800000| Untracked 
|  79|0x000000070aa00000, 0x000000070aa00000, 0x000000070ac00000|  0%| F|  |TAMS 0x000000070aa00000| PB 0x000000070aa00000| Untracked 
|  80|0x000000070ac00000, 0x000000070ac00000, 0x000000070ae00000|  0%| F|  |TAMS 0x000000070ac00000| PB 0x000000070ac00000| Untracked 
|  81|0x000000070ae00000, 0x000000070ae00000, 0x000000070b000000|  0%| F|  |TAMS 0x000000070ae00000| PB 0x000000070ae00000| Untracked 
|  82|0x000000070b000000, 0x000000070b000000, 0x000000070b200000|  0%| F|  |TAMS 0x000000070b000000| PB 0x000000070b000000| Untracked 
|  83|0x000000070b200000, 0x000000070b200000, 0x000000070b400000|  0%| F|  |TAMS 0x000000070b200000| PB 0x000000070b200000| Untracked 
|  84|0x000000070b400000, 0x000000070b400000, 0x000000070b600000|  0%| F|  |TAMS 0x000000070b400000| PB 0x000000070b400000| Untracked 
|  85|0x000000070b600000, 0x000000070b600000, 0x000000070b800000|  0%| F|  |TAMS 0x000000070b600000| PB 0x000000070b600000| Untracked 
|  86|0x000000070b800000, 0x000000070b800000, 0x000000070ba00000|  0%| F|  |TAMS 0x000000070b800000| PB 0x000000070b800000| Untracked 
|  87|0x000000070ba00000, 0x000000070ba00000, 0x000000070bc00000|  0%| F|  |TAMS 0x000000070ba00000| PB 0x000000070ba00000| Untracked 
|  88|0x000000070bc00000, 0x000000070bc00000, 0x000000070be00000|  0%| F|  |TAMS 0x000000070bc00000| PB 0x000000070bc00000| Untracked 
|  89|0x000000070be00000, 0x000000070be00000, 0x000000070c000000|  0%| F|  |TAMS 0x000000070be00000| PB 0x000000070be00000| Untracked 
|  90|0x000000070c000000, 0x000000070c000000, 0x000000070c200000|  0%| F|  |TAMS 0x000000070c000000| PB 0x000000070c000000| Untracked 
|  91|0x000000070c200000, 0x000000070c200000, 0x000000070c400000|  0%| F|  |TAMS 0x000000070c200000| PB 0x000000070c200000| Untracked 
|  92|0x000000070c400000, 0x000000070c400000, 0x000000070c600000|  0%| F|  |TAMS 0x000000070c400000| PB 0x000000070c400000| Untracked 
|  93|0x000000070c600000, 0x000000070c600000, 0x000000070c800000|  0%| F|  |TAMS 0x000000070c600000| PB 0x000000070c600000| Untracked 
|  94|0x000000070c800000, 0x000000070c800000, 0x000000070ca00000|  0%| F|  |TAMS 0x000000070c800000| PB 0x000000070c800000| Untracked 
|  95|0x000000070ca00000, 0x000000070ca00000, 0x000000070cc00000|  0%| F|  |TAMS 0x000000070ca00000| PB 0x000000070ca00000| Untracked 
|  96|0x000000070cc00000, 0x000000070cc00000, 0x000000070ce00000|  0%| F|  |TAMS 0x000000070cc00000| PB 0x000000070cc00000| Untracked 
|  97|0x000000070ce00000, 0x000000070ce00000, 0x000000070d000000|  0%| F|  |TAMS 0x000000070ce00000| PB 0x000000070ce00000| Untracked 
|  98|0x000000070d000000, 0x000000070d000000, 0x000000070d200000|  0%| F|  |TAMS 0x000000070d000000| PB 0x000000070d000000| Untracked 
|  99|0x000000070d200000, 0x000000070d200000, 0x000000070d400000|  0%| F|  |TAMS 0x000000070d200000| PB 0x000000070d200000| Untracked 
| 100|0x000000070d400000, 0x000000070d400000, 0x000000070d600000|  0%| F|  |TAMS 0x000000070d400000| PB 0x000000070d400000| Untracked 
| 101|0x000000070d600000, 0x000000070d600000, 0x000000070d800000|  0%| F|  |TAMS 0x000000070d600000| PB 0x000000070d600000| Untracked 
| 102|0x000000070d800000, 0x000000070d800000, 0x000000070da00000|  0%| F|  |TAMS 0x000000070d800000| PB 0x000000070d800000| Untracked 
| 103|0x000000070da00000, 0x000000070da00000, 0x000000070dc00000|  0%| F|  |TAMS 0x000000070da00000| PB 0x000000070da00000| Untracked 
| 104|0x000000070dc00000, 0x000000070de00000, 0x000000070de00000|100%| S|CS|TAMS 0x000000070dc00000| PB 0x000000070dc00000| Complete 
| 105|0x000000070de00000, 0x000000070e000000, 0x000000070e000000|100%| S|CS|TAMS 0x000000070de00000| PB 0x000000070de00000| Complete 
| 106|0x000000070e000000, 0x000000070e200000, 0x000000070e200000|100%| S|CS|TAMS 0x000000070e000000| PB 0x000000070e000000| Complete 
| 107|0x000000070e200000, 0x000000070e200000, 0x000000070e400000|  0%| F|  |TAMS 0x000000070e200000| PB 0x000000070e200000| Untracked 
| 108|0x000000070e400000, 0x000000070e400000, 0x000000070e600000|  0%| F|  |TAMS 0x000000070e400000| PB 0x000000070e400000| Untracked 
| 109|0x000000070e600000, 0x000000070e600000, 0x000000070e800000|  0%| F|  |TAMS 0x000000070e600000| PB 0x000000070e600000| Untracked 
| 110|0x000000070e800000, 0x000000070e800000, 0x000000070ea00000|  0%| F|  |TAMS 0x000000070e800000| PB 0x000000070e800000| Untracked 
| 111|0x000000070ea00000, 0x000000070ea00000, 0x000000070ec00000|  0%| F|  |TAMS 0x000000070ea00000| PB 0x000000070ea00000| Untracked 
| 112|0x000000070ec00000, 0x000000070ec00000, 0x000000070ee00000|  0%| F|  |TAMS 0x000000070ec00000| PB 0x000000070ec00000| Untracked 
| 113|0x000000070ee00000, 0x000000070ee00000, 0x000000070f000000|  0%| F|  |TAMS 0x000000070ee00000| PB 0x000000070ee00000| Untracked 
| 114|0x000000070f000000, 0x000000070f000000, 0x000000070f200000|  0%| F|  |TAMS 0x000000070f000000| PB 0x000000070f000000| Untracked 
| 115|0x000000070f200000, 0x000000070f200000, 0x000000070f400000|  0%| F|  |TAMS 0x000000070f200000| PB 0x000000070f200000| Untracked 
| 116|0x000000070f400000, 0x000000070f400000, 0x000000070f600000|  0%| F|  |TAMS 0x000000070f400000| PB 0x000000070f400000| Untracked 
| 117|0x000000070f600000, 0x000000070f600000, 0x000000070f800000|  0%| F|  |TAMS 0x000000070f600000| PB 0x000000070f600000| Untracked 
| 118|0x000000070f800000, 0x000000070f800000, 0x000000070fa00000|  0%| F|  |TAMS 0x000000070f800000| PB 0x000000070f800000| Untracked 
| 119|0x000000070fa00000, 0x000000070fc00000, 0x000000070fc00000|100%| E|  |TAMS 0x000000070fa00000| PB 0x000000070fa00000| Complete 
| 120|0x000000070fc00000, 0x000000070fe00000, 0x000000070fe00000|100%| E|CS|TAMS 0x000000070fc00000| PB 0x000000070fc00000| Complete 
| 121|0x000000070fe00000, 0x0000000710000000, 0x0000000710000000|100%| E|CS|TAMS 0x000000070fe00000| PB 0x000000070fe00000| Complete 
| 122|0x0000000710000000, 0x0000000710200000, 0x0000000710200000|100%| E|CS|TAMS 0x0000000710000000| PB 0x0000000710000000| Complete 
| 123|0x0000000710200000, 0x0000000710400000, 0x0000000710400000|100%| E|CS|TAMS 0x0000000710200000| PB 0x0000000710200000| Complete 
| 124|0x0000000710400000, 0x0000000710600000, 0x0000000710600000|100%| E|CS|TAMS 0x0000000710400000| PB 0x0000000710400000| Complete 
| 125|0x0000000710600000, 0x0000000710800000, 0x0000000710800000|100%| E|CS|TAMS 0x0000000710600000| PB 0x0000000710600000| Complete 
| 126|0x0000000710800000, 0x0000000710a00000, 0x0000000710a00000|100%| E|CS|TAMS 0x0000000710800000| PB 0x0000000710800000| Complete 
| 127|0x0000000710a00000, 0x0000000710c00000, 0x0000000710c00000|100%| E|CS|TAMS 0x0000000710a00000| PB 0x0000000710a00000| Complete 

Card table byte_map: [0x00000228d3550000,0x00000228d3d50000] _byte_map_base: 0x00000228cfd4a000

Marking Bits: (CMBitMap*) 0x00000228bb7b3d20
 Bits: [0x00000228d4550000, 0x00000228d8520000)

Polling page: 0x00000228baf10000

Metaspace:

Usage:
  Non-class:     13.70 MB used.
      Class:      2.26 MB used.
       Both:     15.95 MB used.

Virtual space:
  Non-class space:       64.00 MB reserved,      13.88 MB ( 22%) committed,  1 nodes.
      Class space:        1.00 GB reserved,       2.44 MB ( <1%) committed,  1 nodes.
             Both:        1.06 GB reserved,      16.31 MB (  1%) committed. 

Chunk freelists:
   Non-Class:  2.08 MB
       Class:  1.54 MB
        Both:  3.61 MB

MaxMetaspaceSize: unlimited
CompressedClassSpaceSize: 1.00 GB
Initial GC threshold: 21.00 MB
Current GC threshold: 21.00 MB
CDS: on
MetaspaceReclaimPolicy: balanced
 - commit_granule_bytes: 65536.
 - commit_granule_words: 8192.
 - virtual_space_node_default_size: 8388608.
 - enlarge_chunks_in_place: 1.
 - new_chunks_are_fully_committed: 0.
 - uncommit_free_chunks: 1.
 - use_allocation_guard: 0.


Internal statistics:

num_allocs_failed_limit: 0.
num_arena_births: 366.
num_arena_deaths: 0.
num_vsnodes_births: 2.
num_vsnodes_deaths: 0.
num_space_committed: 261.
num_space_uncommitted: 0.
num_chunks_returned_to_freelist: 0.
num_chunks_taken_from_freelist: 882.
num_chunk_merges: 0.
num_chunk_splits: 618.
num_chunks_enlarged: 451.
num_inconsistent_stats: 0.

CodeHeap 'non-profiled nmethods': size=120000Kb used=992Kb max_used=992Kb free=119007Kb
 bounds [0x00000228cb2d0000, 0x00000228cb540000, 0x00000228d2800000]
CodeHeap 'profiled nmethods': size=120000Kb used=4590Kb max_used=4590Kb free=115409Kb
 bounds [0x00000228c3800000, 0x00000228c3c80000, 0x00000228cad30000]
CodeHeap 'non-nmethods': size=5760Kb used=1896Kb max_used=1915Kb free=3863Kb
 bounds [0x00000228cad30000, 0x00000228cafa0000, 0x00000228cb2d0000]
 total_blobs=3190 nmethods=2395 adapters=705
 compilation: enabled
              stopped_count=0, restarted_count=0
 full_count=0

Compilation events (20 events):
Event: 1.371 Thread 0x00000228db194530 nmethod 2235 0x00000228c3c37c90 code [0x00000228c3c37e40, 0x00000228c3c382f8]
Event: 1.371 Thread 0x00000228db194530 2236       3       java.lang.invoke.AbstractValidatingLambdaMetafactory::checkDescriptor (133 bytes)
Event: 1.372 Thread 0x00000228db194530 nmethod 2236 0x00000228c3c38410 code [0x00000228c3c38760, 0x00000228c3c3a068]
Event: 1.372 Thread 0x00000228db194530 2237       3       java.lang.invoke.AbstractValidatingLambdaMetafactory::isAdaptableToAsReturnStrict (34 bytes)
Event: 1.373 Thread 0x00000228db194530 nmethod 2237 0x00000228c3c3a910 code [0x00000228c3c3aae0, 0x00000228c3c3b0a8]
Event: 1.373 Thread 0x00000228db194530 2238       3       java.lang.invoke.InnerClassLambdaMetafactory::spinInnerClass (118 bytes)
Event: 1.373 Thread 0x00000228db194530 nmethod 2238 0x00000228c3c3b210 code [0x00000228c3c3b3c0, 0x00000228c3c3b6c8]
Event: 1.373 Thread 0x00000228db194530 2239       3       java.lang.invoke.LambdaProxyClassArchive::find (63 bytes)
Event: 1.373 Thread 0x00000228db194530 nmethod 2239 0x00000228c3c3b790 code [0x00000228c3c3b9a0, 0x00000228c3c3c198]
Event: 1.373 Thread 0x00000228db194530 2247       3       javafx.scene.paint.Color::getRed (6 bytes)
Event: 1.373 Thread 0x00000228db194530 nmethod 2247 0x00000228c3c3c490 code [0x00000228c3c3c620, 0x00000228c3c3c738]
Event: 1.373 Thread 0x00000228db194530 2248       3       javafx.scene.paint.Color::getGreen (6 bytes)
Event: 1.373 Thread 0x00000228db194530 nmethod 2248 0x00000228c3c3c810 code [0x00000228c3c3c9a0, 0x00000228c3c3cab8]
Event: 1.373 Thread 0x00000228db194530 2249       3       javafx.scene.paint.Color::getBlue (6 bytes)
Event: 1.374 Thread 0x00000228db194530 nmethod 2249 0x00000228c3c3cb90 code [0x00000228c3c3cd20, 0x00000228c3c3ce38]
Event: 1.374 Thread 0x00000228db194530 2240       3       java.lang.invoke.LambdaProxyClassArchive::loadedByBuiltinLoader (22 bytes)
Event: 1.374 Thread 0x00000228db194530 nmethod 2240 0x00000228c3c3cf10 code [0x00000228c3c3d0c0, 0x00000228c3c3d4d8]
Event: 1.374 Thread 0x00000228db194530 2241       3       jdk.internal.misc.CDS::isSharingEnabled (4 bytes)
Event: 1.374 Thread 0x00000228db194530 nmethod 2241 0x00000228c3c3d610 code [0x00000228c3c3d7a0, 0x00000228c3c3d890]
Event: 1.374 Thread 0x00000228db194530 2243       3       java.lang.invoke.MethodHandles$Lookup::findConstructor (61 bytes)

GC Heap History (4 events):
Event: 0.588 GC heap before
{Heap before GC invocations=0 (full 0):
 garbage-first heap   total 262144K, used 22528K [0x0000000700c00000, 0x0000000800000000)
  region size 2048K, 11 young (22528K), 0 survivors (0K)
 Metaspace       used 4217K, committed 4416K, reserved 1114112K
  class space    used 428K, committed 512K, reserved 1048576K
}
Event: 0.591 GC heap after
{Heap after GC invocations=1 (full 0):
 garbage-first heap   total 262144K, used 2687K [0x0000000700c00000, 0x0000000800000000)
  region size 2048K, 2 young (4096K), 2 survivors (4096K)
 Metaspace       used 4217K, committed 4416K, reserved 1114112K
  class space    used 428K, committed 512K, reserved 1048576K
}
Event: 1.196 GC heap before
{Heap before GC invocations=1 (full 0):
 garbage-first heap   total 262144K, used 39551K [0x0000000700c00000, 0x0000000800000000)
  region size 2048K, 21 young (43008K), 2 survivors (4096K)
 Metaspace       used 12810K, committed 13056K, reserved 1114112K
  class space    used 1695K, committed 1792K, reserved 1048576K
}
Event: 1.201 GC heap after
{Heap after GC invocations=2 (full 0):
 garbage-first heap   total 262144K, used 6176K [0x0000000700c00000, 0x0000000800000000)
  region size 2048K, 3 young (6144K), 3 survivors (6144K)
 Metaspace       used 12810K, committed 13056K, reserved 1114112K
  class space    used 1695K, committed 1792K, reserved 1048576K
}

Dll operation events (20 events):
Event: 0.344 Loaded shared library C:\Users\onlyt\.openjfx\cache\17.0.6\api-ms-win-crt-locale-l1-1-0.dll
Event: 0.347 Loaded shared library C:\Users\onlyt\.openjfx\cache\17.0.6\api-ms-win-crt-math-l1-1-0.dll
Event: 0.349 Loaded shared library C:\Users\onlyt\.openjfx\cache\17.0.6\api-ms-win-crt-multibyte-l1-1-0.dll
Event: 0.353 Loaded shared library C:\Users\onlyt\.openjfx\cache\17.0.6\api-ms-win-crt-private-l1-1-0.dll
Event: 0.356 Loaded shared library C:\Users\onlyt\.openjfx\cache\17.0.6\api-ms-win-crt-process-l1-1-0.dll
Event: 0.358 Loaded shared library C:\Users\onlyt\.openjfx\cache\17.0.6\api-ms-win-crt-runtime-l1-1-0.dll
Event: 0.361 Loaded shared library C:\Users\onlyt\.openjfx\cache\17.0.6\api-ms-win-crt-stdio-l1-1-0.dll
Event: 0.364 Loaded shared library C:\Users\onlyt\.openjfx\cache\17.0.6\api-ms-win-crt-string-l1-1-0.dll
Event: 0.366 Loaded shared library C:\Users\onlyt\.openjfx\cache\17.0.6\api-ms-win-crt-time-l1-1-0.dll
Event: 0.369 Loaded shared library C:\Users\onlyt\.openjfx\cache\17.0.6\api-ms-win-crt-utility-l1-1-0.dll
Event: 0.380 Loaded shared library C:\Users\onlyt\.openjfx\cache\17.0.6\ucrtbase.dll
Event: 0.383 Loaded shared library C:\Users\onlyt\.openjfx\cache\17.0.6\vcruntime140.dll
Event: 0.385 Loaded shared library C:\Users\onlyt\.openjfx\cache\17.0.6\vcruntime140_1.dll
Event: 0.391 Loaded shared library C:\Users\onlyt\.openjfx\cache\17.0.6\msvcp140.dll
Event: 0.394 Loaded shared library C:\Users\onlyt\.openjfx\cache\17.0.6\msvcp140_1.dll
Event: 0.397 Loaded shared library C:\Users\onlyt\.openjfx\cache\17.0.6\msvcp140_2.dll
Event: 0.425 Loaded shared library C:\Users\onlyt\.openjfx\cache\17.0.6\prism_d3d.dll
Event: 0.492 Loaded shared library C:\Users\onlyt\.openjfx\cache\17.0.6\glass.dll
Event: 0.641 Loaded shared library C:\Program Files\Java\jdk-20\bin\jimage.dll
Event: 0.774 Loaded shared library C:\Users\onlyt\.openjfx\cache\17.0.6\javafx_font.dll

Deoptimization events (20 events):
Event: 1.168 Thread 0x00000228e027baa0 Uncommon trap: trap_request=0xffffffde fr.pc=0x00000228cb37bb2c relative=0x00000000000001ac
Event: 1.168 Thread 0x00000228e027baa0 Uncommon trap: reason=class_check action=maybe_recompile pc=0x00000228cb37bb2c method=com.sun.javafx.css.BitSet.containsAll(Ljava/util/Collection;)Z @ 18 c2
Event: 1.168 Thread 0x00000228e027baa0 DEOPT PACKING pc=0x00000228cb37bb2c sp=0x000000de7edfd7d0
Event: 1.168 Thread 0x00000228e027baa0 DEOPT UNPACKING pc=0x00000228cad99d22 sp=0x000000de7edfd768 mode 2
Event: 1.168 Thread 0x00000228e027baa0 Uncommon trap: trap_request=0xffffffde fr.pc=0x00000228cb37bb2c relative=0x00000000000001ac
Event: 1.168 Thread 0x00000228e027baa0 Uncommon trap: reason=class_check action=maybe_recompile pc=0x00000228cb37bb2c method=com.sun.javafx.css.BitSet.containsAll(Ljava/util/Collection;)Z @ 18 c2
Event: 1.168 Thread 0x00000228e027baa0 DEOPT PACKING pc=0x00000228cb37bb2c sp=0x000000de7edfd7d0
Event: 1.168 Thread 0x00000228e027baa0 DEOPT UNPACKING pc=0x00000228cad99d22 sp=0x000000de7edfd768 mode 2
Event: 1.169 Thread 0x00000228e027baa0 Uncommon trap: trap_request=0xffffffde fr.pc=0x00000228cb2e404c relative=0x00000000000001cc
Event: 1.169 Thread 0x00000228e027baa0 Uncommon trap: reason=class_check action=maybe_recompile pc=0x00000228cb2e404c method=java.lang.String.equals(Ljava/lang/Object;)Z @ 8 c2
Event: 1.169 Thread 0x00000228e027baa0 DEOPT PACKING pc=0x00000228cb2e404c sp=0x000000de7edfd960
Event: 1.169 Thread 0x00000228e027baa0 DEOPT UNPACKING pc=0x00000228cad99d22 sp=0x000000de7edfd908 mode 2
Event: 1.201 Thread 0x00000228e027baa0 Uncommon trap: trap_request=0xffffffde fr.pc=0x00000228cb37df28 relative=0x0000000000000d88
Event: 1.201 Thread 0x00000228e027baa0 Uncommon trap: reason=class_check action=maybe_recompile pc=0x00000228cb37df28 method=java.util.concurrent.ConcurrentHashMap.putVal(Ljava/lang/Object;Ljava/lang/Object;Z)Ljava/lang/Object; @ 159 c2
Event: 1.201 Thread 0x00000228e027baa0 DEOPT PACKING pc=0x00000228cb37df28 sp=0x000000de7edfbb20
Event: 1.201 Thread 0x00000228e027baa0 DEOPT UNPACKING pc=0x00000228cad99d22 sp=0x000000de7edfbac0 mode 2
Event: 1.316 Thread 0x00000228e027baa0 Uncommon trap: trap_request=0xffffff45 fr.pc=0x00000228cb342be0 relative=0x00000000000001e0
Event: 1.316 Thread 0x00000228e027baa0 Uncommon trap: reason=unstable_if action=reinterpret pc=0x00000228cb342be0 method=java.io.ByteArrayInputStream.read()I @ 8 c2
Event: 1.316 Thread 0x00000228e027baa0 DEOPT PACKING pc=0x00000228cb342be0 sp=0x000000de7edfc460
Event: 1.316 Thread 0x00000228e027baa0 DEOPT UNPACKING pc=0x00000228cad99d22 sp=0x000000de7edfc418 mode 2

Classes loaded (20 events):
Event: 1.369 Loading class com/sun/scenario/animation/AnimationPulse$PulseData
Event: 1.369 Loading class com/sun/scenario/animation/AnimationPulse$PulseData done
Event: 1.369 Loading class com/sun/scenario/animation/AnimationPulse$PulseData$Accessor
Event: 1.369 Loading class com/sun/scenario/animation/AnimationPulse$PulseData$Accessor done
Event: 1.369 Loading class com/sun/scenario/animation/AnimationPulse$PulseData
Event: 1.369 Loading class com/sun/scenario/animation/AnimationPulse$PulseData done
Event: 1.370 Loading class com/sun/scenario/animation/AnimationPulse$PulseData$Accessor
Event: 1.370 Loading class com/sun/scenario/animation/AnimationPulse$PulseData$Accessor done
Event: 1.370 Loading class com/sun/scenario/animation/AnimationPulse$PulseData
Event: 1.370 Loading class com/sun/scenario/animation/AnimationPulse$PulseData done
Event: 1.370 Loading class com/sun/scenario/animation/AnimationPulse$PulseData$Accessor
Event: 1.370 Loading class com/sun/scenario/animation/AnimationPulse$PulseData$Accessor done
Event: 1.370 Loading class com/sun/scenario/animation/AnimationPulse$PulseData
Event: 1.370 Loading class com/sun/scenario/animation/AnimationPulse$PulseData done
Event: 1.370 Loading class javafx/animation/Animation$1
Event: 1.370 Loading class javafx/animation/Animation$1 done
Event: 1.371 Loading class com/sun/javafx/tk/TKPulseListener
Event: 1.371 Loading class com/sun/javafx/tk/TKPulseListener done
Event: 1.371 Loading class com/sun/javafx/tk/TKPulseListener
Event: 1.371 Loading class com/sun/javafx/tk/TKPulseListener done

Classes unloaded (0 events):
No events

Classes redefined (0 events):
No events

Internal exceptions (20 events):
Event: 0.892 Thread 0x00000228e027baa0 Exception <a 'java/lang/NoSuchMethodError'{0x000000070f76d778}: 'void java.lang.invoke.DirectMethodHandle$Holder.invokeSpecial(java.lang.Object, java.lang.Object, int)'> (0x000000070f76d778) 
thrown [s\open\src\hotspot\share\interpreter\linkResolver.cpp, line 773]
Event: 0.892 Thread 0x00000228e027baa0 Exception <a 'java/lang/NoSuchMethodError'{0x000000070f7714f8}: 'int java.lang.invoke.DirectMethodHandle$Holder.invokeSpecial(java.lang.Object, java.lang.Object, java.lang.Object, int)'> (0x000000070f7714f8) 
thrown [s\open\src\hotspot\share\interpreter\linkResolver.cpp, line 773]
Event: 0.892 Thread 0x00000228e027baa0 Exception <a 'java/lang/NoSuchMethodError'{0x000000070f77b680}: 'void java.lang.invoke.DelegatingMethodHandle$Holder.reinvoke_L(java.lang.Object, java.lang.Object, int)'> (0x000000070f77b680) 
thrown [s\open\src\hotspot\share\interpreter\linkResolver.cpp, line 773]
Event: 0.893 Thread 0x00000228e027baa0 Exception <a 'java/lang/NoSuchMethodError'{0x000000070f7825e8}: 'int java.lang.invoke.DirectMethodHandle$Holder.invokeSpecial(java.lang.Object, java.lang.Object, java.lang.Object)'> (0x000000070f7825e8) 
thrown [s\open\src\hotspot\share\interpreter\linkResolver.cpp, line 773]
Event: 1.049 Thread 0x00000228e027baa0 Exception <a 'sun/nio/fs/WindowsException'{0x000000070e886208}> (0x000000070e886208) 
thrown [s\open\src\hotspot\share\prims\jni.cpp, line 519]
Event: 1.066 Thread 0x00000228e027baa0 Implicit null exception at 0x00000228cb349fa0 to 0x00000228cb34a320
Event: 1.066 Thread 0x00000228e027baa0 Implicit null exception at 0x00000228cb349620 to 0x00000228cb349978
Event: 1.067 Thread 0x00000228e027baa0 Implicit null exception at 0x00000228cb2f3c20 to 0x00000228cb2f3ddc
Event: 1.118 Thread 0x00000228e027baa0 Implicit null exception at 0x00000228cb33f712 to 0x00000228cb33fe38
Event: 1.135 Thread 0x00000228e027baa0 Exception <a 'java/io/FileNotFoundException'{0x000000070e4ba3b0}> (0x000000070e4ba3b0) 
thrown [s\open\src\hotspot\share\prims\jni.cpp, line 519]
Event: 1.188 Thread 0x00000228e027baa0 Exception <a 'java/lang/IncompatibleClassChangeError'{0x000000070e379b88}: Found class java.lang.Object, but interface was expected> (0x000000070e379b88) 
thrown [s\open\src\hotspot\share\interpreter\linkResolver.cpp, line 840]
Event: 1.247 Thread 0x00000228e027baa0 Exception <a 'java/lang/ClassNotFoundException'{0x00000007109a1468}: com/sun/javafx/scene/control/skin/resources/controls> (0x00000007109a1468) 
thrown [s\open\src\hotspot\share\prims\jni.cpp, line 538]
Event: 1.248 Thread 0x00000228e027baa0 Exception <a 'java/lang/ClassNotFoundException'{0x00000007109af240}: com/sun/javafx/scene/control/skin/resources/controls_fr> (0x00000007109af240) 
thrown [s\open\src\hotspot\share\prims\jni.cpp, line 538]
Event: 1.249 Thread 0x00000228e027baa0 Exception <a 'java/lang/ClassNotFoundException'{0x00000007109bcdb0}: com/sun/javafx/scene/control/skin/resources/controls_fr_FR> (0x00000007109bcdb0) 
thrown [s\open\src\hotspot\share\prims\jni.cpp, line 538]
Event: 1.320 Thread 0x00000228e027baa0 Exception <a 'java/lang/NoSuchMethodError'{0x000000071028f0e0}: 'int java.lang.invoke.DirectMethodHandle$Holder.invokeSpecial(java.lang.Object, java.lang.Object, int)'> (0x000000071028f0e0) 
thrown [s\open\src\hotspot\share\interpreter\linkResolver.cpp, line 773]
Event: 1.360 Thread 0x00000228e027baa0 Exception <a 'java/lang/NoSuchMethodError'{0x000000071013f240}: 'java.lang.Object java.lang.invoke.DirectMethodHandle$Holder.newInvokeSpecial(java.lang.Object, java.lang.Object, int)'> (0x000000071013f240) 
thrown [s\open\src\hotspot\share\interpreter\linkResolver.cpp, line 773]
Event: 1.368 Thread 0x00000228e027baa0 Exception <a 'java/lang/NoSuchMethodError'{0x0000000710169b08}: 'long java.lang.invoke.DirectMethodHandle$Holder.invokeStatic(java.lang.Object, java.lang.Object, java.lang.Object)'> (0x0000000710169b08) 
thrown [s\open\src\hotspot\share\interpreter\linkResolver.cpp, line 773]
Event: 1.368 Thread 0x00000228e027baa0 Exception <a 'java/lang/NoSuchMethodError'{0x000000071016ced8}: 'long java.lang.invoke.DirectMethodHandle$Holder.invokeStaticInit(java.lang.Object, java.lang.Object, java.lang.Object)'> (0x000000071016ced8) 
thrown [s\open\src\hotspot\share\interpreter\linkResolver.cpp, line 773]
Event: 1.370 Thread 0x00000228e027baa0 Exception <a 'java/lang/NoSuchMethodError'{0x00000007101d3708}: 'java.lang.Object java.lang.invoke.DirectMethodHandle$Holder.newInvokeSpecial(java.lang.Object, java.lang.Object, long)'> (0x00000007101d3708) 
thrown [s\open\src\hotspot\share\interpreter\linkResolver.cpp, line 773]
Event: 1.371 Thread 0x00000228e027baa0 Exception <a 'java/lang/NoSuchMethodError'{0x00000007101d7000}: 'java.lang.Object java.lang.invoke.Invokers$Holder.linkToTargetMethod(java.lang.Object, long, java.lang.Object)'> (0x00000007101d7000) 
thrown [s\open\src\hotspot\share\interpreter\linkResolver.cpp, line 773]

VM Operations (20 events):
Event: 0.138 Executing VM operation: HandshakeAllThreads
Event: 0.138 Executing VM operation: HandshakeAllThreads done
Event: 0.167 Executing VM operation: ChangeBreakpoints
Event: 0.167 Executing VM operation: ChangeBreakpoints done
Event: 0.168 Executing VM operation: ChangeBreakpoints
Event: 0.168 Executing VM operation: ChangeBreakpoints done
Event: 0.183 Executing VM operation: HandshakeAllThreads
Event: 0.183 Executing VM operation: HandshakeAllThreads done
Event: 0.486 Executing VM operation: HandshakeAllThreads
Event: 0.486 Executing VM operation: HandshakeAllThreads done
Event: 0.588 Executing VM operation: G1CollectForAllocation
Event: 0.591 Executing VM operation: G1CollectForAllocation done
Event: 0.777 Executing VM operation: HandshakeAllThreads
Event: 0.777 Executing VM operation: HandshakeAllThreads done
Event: 0.918 Executing VM operation: ICBufferFull
Event: 0.918 Executing VM operation: ICBufferFull done
Event: 1.196 Executing VM operation: G1CollectForAllocation
Event: 1.201 Executing VM operation: G1CollectForAllocation done
Event: 1.355 Executing VM operation: ICBufferFull
Event: 1.355 Executing VM operation: ICBufferFull done

Events (20 events):
Event: 0.026 Thread 0x00000228db189c40 Thread added: 0x00000228db189c40
Event: 0.026 Thread 0x00000228db194530 Thread added: 0x00000228db194530
Event: 0.048 Thread 0x00000228df4ec5e0 Thread added: 0x00000228df4ec5e0
Event: 0.101 Thread 0x00000228df549ff0 Thread added: 0x00000228df549ff0
Event: 0.103 Thread 0x00000228df54a6c0 Thread added: 0x00000228df54a6c0
Event: 0.157 Thread 0x00000228df9c63d0 Thread added: 0x00000228df9c63d0
Event: 0.157 Thread 0x00000228dfb1f1e0 Thread added: 0x00000228dfb1f1e0
Event: 0.158 Thread 0x00000228dfc1e4e0 Thread added: 0x00000228dfc1e4e0
Event: 0.179 Thread 0x00000228dfcad2f0 Thread added: 0x00000228dfcad2f0
Event: 0.399 Thread 0x00000228df54a6c0 Thread exited: 0x00000228df54a6c0
Event: 0.419 Thread 0x00000228e009c010 Thread added: 0x00000228e009c010
Event: 0.497 Thread 0x00000228e02789e0 Thread added: 0x00000228e02789e0
Event: 0.499 Thread 0x00000228e027baa0 Thread added: 0x00000228e027baa0
Event: 0.614 Thread 0x00000228e059be50 Thread added: 0x00000228e059be50
Event: 0.618 Thread 0x00000228e059a910 Thread added: 0x00000228e059a910
Event: 1.040 Thread 0x00000228e059ae60 Thread added: 0x00000228e059ae60
Event: 1.040 Thread 0x00000228e059d8e0 Thread added: 0x00000228e059d8e0
Event: 1.042 Thread 0x00000228e059ae60 Thread exited: 0x00000228e059ae60
Event: 1.163 Thread 0x00000228e975dec0 Thread added: 0x00000228e975dec0
Event: 1.183 Thread 0x00000228e059ae60 Thread added: 0x00000228e059ae60


Dynamic libraries:
0x00007ff68e2f0000 - 0x00007ff68e300000 	C:\Program Files\Java\jdk-20\bin\java.exe
0x00007fff11cb0000 - 0x00007fff11ea8000 	C:\WINDOWS\SYSTEM32\ntdll.dll
0x00007fff10530000 - 0x00007fff105ef000 	C:\WINDOWS\System32\KERNEL32.DLL
0x00007fff0f910000 - 0x00007fff0fc06000 	C:\WINDOWS\System32\KERNELBASE.dll
0x00007fff0fc10000 - 0x00007fff0fd10000 	C:\WINDOWS\System32\ucrtbase.dll
0x00007ffef1c60000 - 0x00007ffef1c7b000 	C:\Program Files\Java\jdk-20\bin\VCRUNTIME140.dll
0x00007ffee6b90000 - 0x00007ffee6ba9000 	C:\Program Files\Java\jdk-20\bin\jli.dll
0x00007fff10a10000 - 0x00007fff10abf000 	C:\WINDOWS\System32\ADVAPI32.dll
0x00007fff10490000 - 0x00007fff1052e000 	C:\WINDOWS\System32\msvcrt.dll
0x00007fff11530000 - 0x00007fff115cc000 	C:\WINDOWS\System32\sechost.dll
0x00007fff11a20000 - 0x00007fff11b46000 	C:\WINDOWS\System32\RPCRT4.dll
0x00007fff10c10000 - 0x00007fff10dad000 	C:\WINDOWS\System32\USER32.dll
0x00007fff0f5d0000 - 0x00007fff0f5f2000 	C:\WINDOWS\System32\win32u.dll
0x00007fff02da0000 - 0x00007fff0303a000 	C:\WINDOWS\WinSxS\amd64_microsoft.windows.common-controls_6595b64144ccf1df_6.0.19041.1110_none_60b5254171f9507e\COMCTL32.dll
0x00007fff0fd10000 - 0x00007fff0fd3c000 	C:\WINDOWS\System32\GDI32.dll
0x00007fff0f3e0000 - 0x00007fff0f4f5000 	C:\WINDOWS\System32\gdi32full.dll
0x00007fff0f530000 - 0x00007fff0f5cd000 	C:\WINDOWS\System32\msvcp_win.dll
0x00007fff07a90000 - 0x00007fff07a9a000 	C:\WINDOWS\SYSTEM32\VERSION.dll
0x00007fff115d0000 - 0x00007fff11600000 	C:\WINDOWS\System32\IMM32.DLL
0x00007fff0af40000 - 0x00007fff0af4c000 	C:\Program Files\Java\jdk-20\bin\vcruntime140_1.dll
0x00007ffed3820000 - 0x00007ffed38ae000 	C:\Program Files\Java\jdk-20\bin\msvcp140.dll
0x00007ffebb6b0000 - 0x00007ffebc347000 	C:\Program Files\Java\jdk-20\bin\server\jvm.dll
0x00007fff0ae80000 - 0x00007fff0ae89000 	C:\WINDOWS\SYSTEM32\WSOCK32.dll
0x00007fff05a40000 - 0x00007fff05a67000 	C:\WINDOWS\SYSTEM32\WINMM.dll
0x00007fff11460000 - 0x00007fff114cb000 	C:\WINDOWS\System32\WS2_32.dll
0x00007fff0d230000 - 0x00007fff0d242000 	C:\WINDOWS\SYSTEM32\kernel.appcore.dll
0x00007ffef03f0000 - 0x00007ffef03fa000 	C:\Program Files\Java\jdk-20\bin\jimage.dll
0x00007fff04270000 - 0x00007fff04454000 	C:\WINDOWS\SYSTEM32\DBGHELP.DLL
0x00007ffef6ab0000 - 0x00007ffef6ae4000 	C:\WINDOWS\SYSTEM32\dbgcore.DLL
0x00007fff0f600000 - 0x00007fff0f682000 	C:\WINDOWS\System32\bcryptPrimitives.dll
0x00007ffed9840000 - 0x00007ffed987c000 	C:\Program Files\Java\jdk-20\bin\jdwp.dll
0x00007fff0af50000 - 0x00007fff0af5e000 	C:\Program Files\Java\jdk-20\bin\instrument.dll
0x00007ffed97c0000 - 0x00007ffed97e6000 	C:\Program Files\Java\jdk-20\bin\java.dll
0x00007ffed9810000 - 0x00007ffed9828000 	C:\Program Files\Java\jdk-20\bin\zip.dll
0x00007ffebe840000 - 0x00007ffebe917000 	C:\Program Files\Java\jdk-20\bin\jsvml.dll
0x00007fff0fd40000 - 0x00007fff10484000 	C:\WINDOWS\System32\SHELL32.dll
0x00007fff0d430000 - 0x00007fff0dbc3000 	C:\WINDOWS\SYSTEM32\windows.storage.dll
0x00007fff11600000 - 0x00007fff11954000 	C:\WINDOWS\System32\combase.dll
0x00007fff0ed10000 - 0x00007fff0ed3e000 	C:\WINDOWS\SYSTEM32\Wldp.dll
0x00007fff11970000 - 0x00007fff11a1d000 	C:\WINDOWS\System32\SHCORE.dll
0x00007fff114d0000 - 0x00007fff11525000 	C:\WINDOWS\System32\shlwapi.dll
0x00007fff0f2d0000 - 0x00007fff0f2ef000 	C:\WINDOWS\SYSTEM32\profapi.dll
0x00007ffee6650000 - 0x00007ffee6663000 	C:\Program Files\Java\jdk-20\bin\net.dll
0x00007fff09040000 - 0x00007fff0914a000 	C:\WINDOWS\SYSTEM32\WINHTTP.dll
0x00007fff0eaf0000 - 0x00007fff0eb5a000 	C:\WINDOWS\system32\mswsock.dll
0x00007ffed9d70000 - 0x00007ffed9d86000 	C:\Program Files\Java\jdk-20\bin\nio.dll
0x00007fff04260000 - 0x00007fff0426c000 	C:\Program Files\Java\jdk-20\bin\dt_socket.dll
0x00007fff0e7b0000 - 0x00007fff0e7ec000 	C:\WINDOWS\SYSTEM32\IPHLPAPI.DLL
0x00000228db2f0000 - 0x00000228db2f3000 	C:\Users\onlyt\.openjfx\cache\17.0.6\api-ms-win-core-console-l1-1-0.dll
0x00000228db300000 - 0x00000228db303000 	C:\Users\onlyt\.openjfx\cache\17.0.6\api-ms-win-core-console-l1-2-0.dll
0x00000228db310000 - 0x00000228db313000 	C:\Users\onlyt\.openjfx\cache\17.0.6\api-ms-win-core-datetime-l1-1-0.dll
0x00000228db320000 - 0x00000228db323000 	C:\Users\onlyt\.openjfx\cache\17.0.6\api-ms-win-core-debug-l1-1-0.dll
0x00000228db330000 - 0x00000228db333000 	C:\Users\onlyt\.openjfx\cache\17.0.6\api-ms-win-core-errorhandling-l1-1-0.dll
0x00000228db340000 - 0x00000228db344000 	C:\Users\onlyt\.openjfx\cache\17.0.6\api-ms-win-core-file-l1-1-0.dll
0x00000228db350000 - 0x00000228db353000 	C:\Users\onlyt\.openjfx\cache\17.0.6\api-ms-win-core-file-l1-2-0.dll
0x00000228db360000 - 0x00000228db363000 	C:\Users\onlyt\.openjfx\cache\17.0.6\api-ms-win-core-file-l2-1-0.dll
0x00000228db370000 - 0x00000228db373000 	C:\Users\onlyt\.openjfx\cache\17.0.6\api-ms-win-core-handle-l1-1-0.dll
0x00000228db380000 - 0x00000228db383000 	C:\Users\onlyt\.openjfx\cache\17.0.6\api-ms-win-core-heap-l1-1-0.dll
0x00000228db390000 - 0x00000228db393000 	C:\Users\onlyt\.openjfx\cache\17.0.6\api-ms-win-core-interlocked-l1-1-0.dll
0x00000228db3a0000 - 0x00000228db3a3000 	C:\Users\onlyt\.openjfx\cache\17.0.6\api-ms-win-core-libraryloader-l1-1-0.dll
0x00000228db3b0000 - 0x00000228db3b3000 	C:\Users\onlyt\.openjfx\cache\17.0.6\api-ms-win-core-localization-l1-2-0.dll
0x00000228db3c0000 - 0x00000228db3c3000 	C:\Users\onlyt\.openjfx\cache\17.0.6\api-ms-win-core-memory-l1-1-0.dll
0x00000228db3d0000 - 0x00000228db3d3000 	C:\Users\onlyt\.openjfx\cache\17.0.6\api-ms-win-core-namedpipe-l1-1-0.dll
0x00000228db3e0000 - 0x00000228db3e3000 	C:\Users\onlyt\.openjfx\cache\17.0.6\api-ms-win-core-processenvironment-l1-1-0.dll
0x00000228db3f0000 - 0x00000228db3f3000 	C:\Users\onlyt\.openjfx\cache\17.0.6\api-ms-win-core-processthreads-l1-1-0.dll
0x00000228e0fd0000 - 0x00000228e0fd3000 	C:\Users\onlyt\.openjfx\cache\17.0.6\api-ms-win-core-processthreads-l1-1-1.dll
0x00000228e0fe0000 - 0x00000228e0fe3000 	C:\Users\onlyt\.openjfx\cache\17.0.6\api-ms-win-core-profile-l1-1-0.dll
0x00000228e0ff0000 - 0x00000228e0ff3000 	C:\Users\onlyt\.openjfx\cache\17.0.6\api-ms-win-core-rtlsupport-l1-1-0.dll
0x00000228e1000000 - 0x00000228e1003000 	C:\Users\onlyt\.openjfx\cache\17.0.6\api-ms-win-core-string-l1-1-0.dll
0x00000228e1010000 - 0x00000228e1013000 	C:\Users\onlyt\.openjfx\cache\17.0.6\api-ms-win-core-synch-l1-1-0.dll
0x00000228e1020000 - 0x00000228e1023000 	C:\Users\onlyt\.openjfx\cache\17.0.6\api-ms-win-core-synch-l1-2-0.dll
0x00000228e1030000 - 0x00000228e1033000 	C:\Users\onlyt\.openjfx\cache\17.0.6\api-ms-win-core-sysinfo-l1-1-0.dll
0x00000228e1040000 - 0x00000228e1043000 	C:\Users\onlyt\.openjfx\cache\17.0.6\api-ms-win-core-timezone-l1-1-0.dll
0x00000228e1050000 - 0x00000228e1053000 	C:\Users\onlyt\.openjfx\cache\17.0.6\api-ms-win-core-util-l1-1-0.dll
0x00000228e1060000 - 0x00000228e1063000 	C:\Users\onlyt\.openjfx\cache\17.0.6\api-ms-win-crt-conio-l1-1-0.dll
0x00000228e1070000 - 0x00000228e1074000 	C:\Users\onlyt\.openjfx\cache\17.0.6\api-ms-win-crt-convert-l1-1-0.dll
0x00000228e1080000 - 0x00000228e1083000 	C:\Users\onlyt\.openjfx\cache\17.0.6\api-ms-win-crt-environment-l1-1-0.dll
0x00000228e1090000 - 0x00000228e1093000 	C:\Users\onlyt\.openjfx\cache\17.0.6\api-ms-win-crt-filesystem-l1-1-0.dll
0x00000228e10a0000 - 0x00000228e10a3000 	C:\Users\onlyt\.openjfx\cache\17.0.6\api-ms-win-crt-heap-l1-1-0.dll
0x00000228e10b0000 - 0x00000228e10b3000 	C:\Users\onlyt\.openjfx\cache\17.0.6\api-ms-win-crt-locale-l1-1-0.dll
0x00000228e10c0000 - 0x00000228e10c5000 	C:\Users\onlyt\.openjfx\cache\17.0.6\api-ms-win-crt-math-l1-1-0.dll
0x00000228e10d0000 - 0x00000228e10d5000 	C:\Users\onlyt\.openjfx\cache\17.0.6\api-ms-win-crt-multibyte-l1-1-0.dll
0x00000228e10e0000 - 0x00000228e10f0000 	C:\Users\onlyt\.openjfx\cache\17.0.6\api-ms-win-crt-private-l1-1-0.dll
0x00000228e10f0000 - 0x00000228e10f3000 	C:\Users\onlyt\.openjfx\cache\17.0.6\api-ms-win-crt-process-l1-1-0.dll
0x00000228e1100000 - 0x00000228e1104000 	C:\Users\onlyt\.openjfx\cache\17.0.6\api-ms-win-crt-runtime-l1-1-0.dll
0x00000228e1110000 - 0x00000228e1114000 	C:\Users\onlyt\.openjfx\cache\17.0.6\api-ms-win-crt-stdio-l1-1-0.dll
0x00000228e1120000 - 0x00000228e1124000 	C:\Users\onlyt\.openjfx\cache\17.0.6\api-ms-win-crt-string-l1-1-0.dll
0x00000228e1130000 - 0x00000228e1133000 	C:\Users\onlyt\.openjfx\cache\17.0.6\api-ms-win-crt-time-l1-1-0.dll
0x00000228e1140000 - 0x00000228e1143000 	C:\Users\onlyt\.openjfx\cache\17.0.6\api-ms-win-crt-utility-l1-1-0.dll
0x00007ffec4290000 - 0x00007ffec438c000 	C:\Users\onlyt\.openjfx\cache\17.0.6\ucrtbase.dll
0x00007ffef0240000 - 0x00007ffef025a000 	C:\Users\onlyt\.openjfx\cache\17.0.6\vcruntime140.dll
0x00007fff01640000 - 0x00007fff0164c000 	C:\Users\onlyt\.openjfx\cache\17.0.6\vcruntime140_1.dll
0x00007ffed76a0000 - 0x00007ffed772d000 	C:\Users\onlyt\.openjfx\cache\17.0.6\msvcp140.dll
0x00007ffef69a0000 - 0x00007ffef69a9000 	C:\Users\onlyt\.openjfx\cache\17.0.6\msvcp140_1.dll
0x00007ffee7fb0000 - 0x00007ffee7fdf000 	C:\Users\onlyt\.openjfx\cache\17.0.6\msvcp140_2.dll
0x00007ffee5560000 - 0x00007ffee558a000 	C:\Users\onlyt\.openjfx\cache\17.0.6\prism_d3d.dll
0x00007ffec8280000 - 0x00007ffec844d000 	C:\WINDOWS\system32\d3d9.dll
0x00007fff0d050000 - 0x00007fff0d07f000 	C:\WINDOWS\SYSTEM32\dwmapi.dll
0x00007fff0cd40000 - 0x00007fff0cdde000 	C:\WINDOWS\system32\uxtheme.dll
0x00007fff062a0000 - 0x00007fff0635c000 	C:\WINDOWS\System32\DriverStore\FileRepository\nv_dispi.inf_amd64_0905d5f86c27c241\nvldumdx.dll
0x00007fff0ef80000 - 0x00007fff0ef92000 	C:\WINDOWS\SYSTEM32\msasn1.dll
0x00007fff07a50000 - 0x00007fff07a81000 	C:\WINDOWS\SYSTEM32\cryptnet.dll
0x00007fff0f700000 - 0x00007fff0f85e000 	C:\WINDOWS\System32\CRYPT32.dll
0x00007fff067a0000 - 0x00007fff068e8000 	C:\WINDOWS\SYSTEM32\drvstore.dll
0x00007fff0f140000 - 0x00007fff0f16c000 	C:\WINDOWS\SYSTEM32\devobj.dll
0x00007fff0f390000 - 0x00007fff0f3de000 	C:\WINDOWS\System32\cfgmgr32.dll
0x00007fff0ec80000 - 0x00007fff0ec8c000 	C:\WINDOWS\SYSTEM32\cryptbase.dll
0x00007fff0f690000 - 0x00007fff0f6f7000 	C:\WINDOWS\System32\wintrust.dll
0x00007fff10ea0000 - 0x00007fff10ebd000 	C:\WINDOWS\System32\imagehlp.dll
0x00007fff0ed50000 - 0x00007fff0ed68000 	C:\WINDOWS\SYSTEM32\CRYPTSP.dll
0x00007fff0e350000 - 0x00007fff0e384000 	C:\WINDOWS\system32\rsaenh.dll
0x00007fff0f500000 - 0x00007fff0f527000 	C:\WINDOWS\System32\bcrypt.dll
0x00007ffea5b80000 - 0x00007ffea8d0d000 	C:\WINDOWS\System32\DriverStore\FileRepository\nv_dispi.inf_amd64_0905d5f86c27c241\nvd3dumx.dll
0x00007ffec6d70000 - 0x00007ffec6db2000 	C:\Users\onlyt\.openjfx\cache\17.0.6\glass.dll
0x00007fff10650000 - 0x00007fff1072a000 	C:\WINDOWS\System32\COMDLG32.dll
0x00007fff10730000 - 0x00007fff1085a000 	C:\WINDOWS\System32\ole32.dll
0x00007fff10f20000 - 0x00007fff10fed000 	C:\WINDOWS\System32\OLEAUT32.dll
0x00007fff11b50000 - 0x00007fff11c64000 	C:\WINDOWS\System32\MSCTF.dll
0x00007ffec0260000 - 0x00007ffec0531000 	C:\WINDOWS\system32\nvspcap64.dll
0x00007fff0e470000 - 0x00007fff0e4a3000 	C:\WINDOWS\SYSTEM32\ntmarta.dll
0x00007fff0dbe0000 - 0x00007fff0dc03000 	C:\WINDOWS\SYSTEM32\gpapi.dll
0x00007fff06670000 - 0x00007fff066ab000 	C:\WINDOWS\SYSTEM32\dxcore.dll
0x00007ffee7960000 - 0x00007ffee7974000 	C:\Users\onlyt\.openjfx\cache\17.0.6\javafx_font.dll
0x00007ffeeabf0000 - 0x00007ffeeae6f000 	C:\WINDOWS\SYSTEM32\dwrite.dll
0x00007fff10b60000 - 0x00007fff10c09000 	C:\WINDOWS\System32\clbcatq.dll
0x00007fff083f0000 - 0x00007fff085a4000 	C:\WINDOWS\SYSTEM32\WindowsCodecs.dll
0x00007ffee79d0000 - 0x00007ffee7a0e000 	C:\WINDOWS\system32\dataexchange.dll
0x00007fff0bf90000 - 0x00007fff0c173000 	C:\WINDOWS\system32\dcomp.dll

dbghelp: loaded successfully - version: 4.0.5 - missing functions: none
symbol engine: initialized successfully - sym options: 0x614 - pdb path: .;C:\Program Files\Java\jdk-20\bin;C:\WINDOWS\SYSTEM32;C:\WINDOWS\WinSxS\amd64_microsoft.windows.common-controls_6595b64144ccf1df_6.0.19041.1110_none_60b5254171f9507e;C:\Program Files\Java\jdk-20\bin\server;C:\Users\onlyt\.openjfx\cache\17.0.6;C:\WINDOWS\System32\DriverStore\FileRepository\nv_dispi.inf_amd64_0905d5f86c27c241;C:\Program Files\Common Files\Microsoft Shared\Ink

VM Arguments:
jvm_args: -agentlib:jdwp=transport=dt_socket,address=127.0.0.1:4418,suspend=y,server=n -javaagent:C:\Users\onlyt\AppData\Local\JetBrains\IntelliJIdea2023.2\captureAgent\debugger-agent.jar -Dfile.encoding=UTF-8 -Dsun.stdout.encoding=UTF-8 -Dsun.stderr.encoding=UTF-8 --module-path=D:\Programmation\idea\Puzzle-l3-2023-grp6\target\classes;C:\Users\onlyt\.m2\repository\org\openjfx\javafx-fxml\17.0.6\javafx-fxml-17.0.6-win.jar;C:\Users\onlyt\.m2\repository\org\openjfx\javafx-base\17.0.6\javafx-base-17.0.6-win.jar;C:\Users\onlyt\.m2\repository\org\openjfx\javafx-graphics\17.0.6\javafx-graphics-17.0.6-win.jar;C:\Users\onlyt\.m2\repository\org\openjfx\javafx-controls\17.0.6\javafx-controls-17.0.6-win.jar;C:\Program Files\Java\jdk-20\mysql-connector-java-8.2.0.jar -Djdk.module.main=com.example.puzzle 
java_command: com.example.puzzle/projet.PuzzleApplication
java_class_path (initial): C:\Users\onlyt\.m2\repository\org\openjfx\javafx-controls\17.0.6\javafx-controls-17.0.6.jar;C:\Users\onlyt\.m2\repository\org\openjfx\javafx-graphics\17.0.6\javafx-graphics-17.0.6.jar;C:\Users\onlyt\.m2\repository\org\openjfx\javafx-base\17.0.6\javafx-base-17.0.6.jar;C:\Users\onlyt\.m2\repository\org\openjfx\javafx-fxml\17.0.6\javafx-fxml-17.0.6.jar;C:\Users\onlyt\.m2\repository\org\jetbrains\annotations\24.1.0\annotations-24.1.0.jar;C:\Program Files\JetBrains\IntelliJ IDEA 2023.2.1\lib\idea_rt.jar
Launcher Type: SUN_STANDARD

[Global flags]
     intx CICompilerCount                          = 4                                         {product} {ergonomic}
     uint ConcGCThreads                            = 3                                         {product} {ergonomic}
     uint G1ConcRefinementThreads                  = 10                                        {product} {ergonomic}
   size_t G1HeapRegionSize                         = 2097152                                   {product} {ergonomic}
    uintx GCDrainStackTargetSize                   = 64                                        {product} {ergonomic}
   size_t InitialHeapSize                          = 268435456                                 {product} {ergonomic}
   size_t MarkStackSize                            = 4194304                                   {product} {ergonomic}
   size_t MaxHeapSize                              = 4282384384                                {product} {ergonomic}
   size_t MaxNewSize                               = 2569011200                                {product} {ergonomic}
   size_t MinHeapDeltaBytes                        = 2097152                                   {product} {ergonomic}
   size_t MinHeapSize                              = 8388608                                   {product} {ergonomic}
    uintx NonNMethodCodeHeapSize                   = 5839372                                {pd product} {ergonomic}
    uintx NonProfiledCodeHeapSize                  = 122909434                              {pd product} {ergonomic}
    uintx ProfiledCodeHeapSize                     = 122909434                              {pd product} {ergonomic}
    uintx ReservedCodeCacheSize                    = 251658240                              {pd product} {ergonomic}
     bool SegmentedCodeCache                       = true                                      {product} {ergonomic}
   size_t SoftMaxHeapSize                          = 4282384384                             {manageable} {ergonomic}
     bool UseCompressedClassPointers               = true                           {product lp64_product} {ergonomic}
     bool UseCompressedOops                        = true                           {product lp64_product} {ergonomic}
     bool UseG1GC                                  = true                                      {product} {ergonomic}
     bool UseLargePagesIndividualAllocation        = false                                  {pd product} {ergonomic}

Logging:
Log output configuration:
 #0: stdout all=warning uptime,level,tags foldmultilines=false
 #1: stderr all=off uptime,level,tags foldmultilines=false

Environment Variables:
JAVA_HOME=C:\Program Files\Java\jdk-20
PATH=C:\Program Files\Eclipse Adoptium\jdk-17.0.8.7-hotspot\bin;C:\Program Files\Common Files\Oracle\Java\javapath;C:\Program Files\Microsoft\jdk-11.0.16.101-hotspot\bin;C:\WINDOWS\system32;C:\WINDOWS;C:\WINDOWS\System32\Wbem;C:\WINDOWS\System32\WindowsPowerShell\v1.0\;C:\WINDOWS\System32\OpenSSH\;C:\Program Files (x86)\NVIDIA Corporation\PhysX\Common;C:\Program Files\NVIDIA Corporation\NVIDIA NvDLISR;C:\Program Files\Microsoft SQL Server\150\Tools\Binn\;C:\Program Files\Microsoft SQL Server\Client SDK\ODBC\170\Tools\Binn\;C:\Program Files\Java\jdk-20\bin;C:\Program Files (x86)\Windows Kits\10\Windows Performance Toolkit\;C:\Program Files\dotnet\;C:\Program Files\Git\cmd;C:\Program Files\apache-maven-3.9.5\bin;C:\Users\onlyt\AppData\Local\Microsoft\WindowsApps;C:\Program Files\Java\jdk-20\bin;C:\Users\onlyt\.dotnet\tools;C:\Users\onlyt\AppData\Local\Programs\Microsoft VS Code\bin;C:\Program Files\Java\jdk-20\bin;C:\Program Files\JetBrains\IntelliJ IDEA 2023.2.1\bin;;C:\Program Files\apache-maven-3.9.5\bin;
USERNAME=onlyt
OS=Windows_NT
PROCESSOR_IDENTIFIER=Intel64 Family 6 Model 158 Stepping 10, GenuineIntel
TMP=C:\Users\onlyt\AppData\Local\Temp
TEMP=C:\Users\onlyt\AppData\Local\Temp




---------------  S Y S T E M  ---------------

OS:
 Windows 10 , 64 bit Build 19041 (10.0.19041.2913)
OS uptime: 1 days 22:23 hours
Hyper-V role detected

CPU: total 12 (initial active 12) (6 cores per cpu, 2 threads per core) family 6 model 158 stepping 10 microcode 0xb4, cx8, cmov, fxsr, ht, mmx, 3dnowpref, sse, sse2, sse3, ssse3, sse4.1, sse4.2, popcnt, lzcnt, tsc, tscinvbit, avx, avx2, aes, erms, clmul, bmi1, bmi2, rtm, adx, fma, vzeroupper, clflush, clflushopt, hv, rdtscp, f16c

Memory: 4k page, system-wide physical 16332M (6260M free)
TotalPageFile size 22732M (AvailPageFile size 6000M)
current process WorkingSet (physical memory assigned to process): 163M, peak: 165M
current process commit charge ("private bytes"): 440M, peak: 444M

vm_info: Java HotSpot(TM) 64-Bit Server VM (20+36-2344) for windows-amd64 JRE (20+36-2344), built on 2023-02-10T19:30:15Z by "mach5one" with MS VC++ 17.1 (VS2022)

END.
