#
# A fatal error has been detected by the Java Runtime Environment:
#
#  EXCEPTION_ACCESS_VIOLATION (0xc0000005) at pc=0x00007ffebbd49c0e, pid=156992, tid=5112
#
# JRE version: Java(TM) SE Runtime Environment (20.0+36) (build 20+36-2344)
# Java VM: Java HotSpot(TM) 64-Bit Server VM (20+36-2344, mixed mode, sharing, tiered, compressed oops, compressed class ptrs, g1 gc, windows-amd64)
# Problematic frame:
# V  [jvm.dll+0x699c0e]
#
# No core dump will be written. Minidumps are not enabled by default on client versions of Windows
#
# If you would like to submit a bug report, please visit:
#   https://bugreport.java.com/bugreport/crash.jsp
#

---------------  S U M M A R Y ------------

Command Line: -agentlib:jdwp=transport=dt_socket,address=127.0.0.1:4448,suspend=y,server=n -javaagent:C:\Users\onlyt\AppData\Local\JetBrains\IntelliJIdea2023.2\captureAgent\debugger-agent.jar -Dfile.encoding=UTF-8 -Dsun.stdout.encoding=UTF-8 -Dsun.stderr.encoding=UTF-8 --module-path=D:\Programmation\idea\Puzzle-l3-2023-grp6\target\classes;C:\Users\onlyt\.m2\repository\org\openjfx\javafx-fxml\17.0.6\javafx-fxml-17.0.6-win.jar;C:\Users\onlyt\.m2\repository\org\openjfx\javafx-base\17.0.6\javafx-base-17.0.6-win.jar;C:\Users\onlyt\.m2\repository\org\openjfx\javafx-graphics\17.0.6\javafx-graphics-17.0.6-win.jar;C:\Users\onlyt\.m2\repository\org\openjfx\javafx-controls\17.0.6\javafx-controls-17.0.6-win.jar;C:\Program Files\Java\jdk-20\mysql-connector-java-8.2.0.jar -Djdk.module.main=com.example.puzzle com.example.puzzle/projet.PuzzleApplication

Host: Intel(R) Core(TM) i7-8700K CPU @ 3.70GHz, 12 cores, 15G,  Windows 10 , 64 bit Build 19041 (10.0.19041.2913)
Time: Mon Nov 20 18:10:18 2023 Paris, Madrid elapsed time: 1.366252 seconds (0d 0h 0m 1s)

---------------  T H R E A D  ---------------

Current thread (0x0000011dd39d1780):  JavaThread "C2 CompilerThread2" daemon [_thread_in_native, id=5112, stack(0x0000000a23000000,0x0000000a23100000)]


Current CompileTask:
C2:   1366 2181       4       com.sun.javafx.css.StyleMap::getCascadingStyles (384 bytes)

Stack: [0x0000000a23000000,0x0000000a23100000],  sp=0x0000000a230fb6c0,  free space=1005k
Native frames: (J=compiled Java code, j=interpreted, Vv=VM code, C=native code)
V  [jvm.dll+0x699c0e]
V  [jvm.dll+0x1e310a]
V  [jvm.dll+0x6e010b]
V  [jvm.dll+0x6e04e3]
V  [jvm.dll+0x6e25cb]
V  [jvm.dll+0x6e0a9a]
V  [jvm.dll+0x600fab]
V  [jvm.dll+0x24d09a]
V  [jvm.dll+0x24a549]
V  [jvm.dll+0x1ce491]
V  [jvm.dll+0x259e1b]
V  [jvm.dll+0x2584f0]
V  [jvm.dll+0x3f2895]
V  [jvm.dll+0x7f4906]
V  [jvm.dll+0x6ba5cb]
C  [ucrtbase.dll+0x21bb2]
C  [KERNEL32.DLL+0x17614]
C  [ntdll.dll+0x526a1]


siginfo: EXCEPTION_ACCESS_VIOLATION (0xc0000005), reading address 0x0000091dd1018908


Registers:
RAX=0x0000000000000112, RBX=0x000000000f907a40, RCX=0x0000091dd1018908, RDX=0x0000000000000000
RSP=0x0000000a230fb6c0, RBP=0x000000000000048a, RSI=0x0000011dd2b52bd0, RDI=0x0000000080000004
R8 =0x0000011dd2607670, R9 =0x0000011dd38fb020, R10=0x00000000000009e9, R11=0x0000000000003fff
R12=0x000000000000167c, R13=0x000000000000167d, R14=0x0000011dd39b2458, R15=0x0000011dd275c1f0
RIP=0x00007ffebbd49c0e, EFLAGS=0x0000000000010202


Register to memory mapping:

RIP=0x00007ffebbd49c0e jvm.dll
RAX=0x0000000000000112 is an unknown value
RBX=0x000000000f907a40 is an unknown value
RCX=0x0000091dd1018908 is an unknown value
RDX=0x0 is NULL
RSP=0x0000000a230fb6c0 is pointing into the stack for thread: 0x0000011dd39d1780
RBP=0x000000000000048a is an unknown value
RSI=0x0000011dd2b52bd0 points into unknown readable memory: 0x00007ffebbff14c0 | c0 14 ff bb fe 7f 00 00
RDI=0x0000000080000004 is an unknown value
R8 =0x0000011dd2607670 points into unknown readable memory: 0x00007ffebbf7bad8 | d8 ba f7 bb fe 7f 00 00
R9 =0x0000011dd38fb020 points into unknown readable memory: 0x0000000000000000 | 00 00 00 00 00 00 00 00
R10=0x00000000000009e9 is an unknown value
R11=0x0000000000003fff is an unknown value
R12=0x000000000000167c is an unknown value
R13=0x000000000000167d is an unknown value
R14=0x0000011dd39b2458 points into unknown readable memory: 0x0000011dd2607670 | 70 76 60 d2 1d 01 00 00
R15=0x0000011dd275c1f0 points into unknown readable memory: 0x00007ffebbf7bad8 | d8 ba f7 bb fe 7f 00 00


Top of Stack: (sp=0x0000000a230fb6c0)
0x0000000a230fb6c0:   000000000b7f359a 000000000000055e
0x0000000a230fb6d0:   0000011dd155e1e8 0000011dd275b470
0x0000000a230fb6e0:   0000000080000004 00007ffebb89310a
0x0000000a230fb6f0:   0000011dd2b52bd0 00000000915149e8
0x0000000a230fb700:   000000005bccbb5e 0000000000000028
0x0000000a230fb710:   0000011dd2b52bd0 00007ffebbd9010b
0x0000000a230fb720:   0000000a230fc3b8 00000000d1051b38
0x0000000a230fb730:   0000000a230fc3b8 0000011dd275cdd8
0x0000000a230fb740:   0000000000000cf9 00007ffebbd904e3
0x0000000a230fb750:   0000000000000001 0000000a230fc3b8
0x0000000a230fb760:   0000000000000119 0000000000000000
0x0000000a230fb770:   0000011dd275c2e0 0000000000000030
0x0000000a230fb780:   0000011dd3759448 0000000000000000
0x0000000a230fb790:   0000011dd275c1f0 00007ffebbd925cb
0x0000000a230fb7a0:   0000011dd275c1f0 0000011d00000119
0x0000000a230fb7b0:   0000000000000033 0000000a230fba30
0x0000000a230fb7c0:   0000000000000030 00007ffebbd90a9a
0x0000000a230fb7d0:   0000000a230fe5e0 0000000000000033
0x0000000a230fb7e0:   0000011dd275c1f0 0000000a230fba30
0x0000000a230fb7f0:   0000011dd3759488 0000011dd111e9c0
0x0000000a230fb800:   0000000a230fba30 00007ffebbcb0fab
0x0000000a230fb810:   00007ffebc018c48 0000000a230fb8a0
0x0000000a230fb820:   0000000a230fe5e0 0000000a230fb970
0x0000000a230fb830:   0000011dbca1c200 0000000000000000
0x0000000a230fb840:   0000000000000000 00007ffebc018c98
0x0000000a230fb850:   0000011dd1a036c8 0000000a230fb970
0x0000000a230fb860:   0000000a230fe5e0 00007ffebb8fd09a
0x0000000a230fb870:   0000011dd3759488 0000011dd3759448
0x0000000a230fb880:   00007ffebc018c48 0000000a230fb970
0x0000000a230fb890:   0000000000000000 0000000000000068
0x0000000a230fb8a0:   0000000a0000000f 0000000a230fe5e0
0x0000000a230fb8b0:   0000000a230fba30 0000011dd111efd8 

Instructions: (pc=0x00007ffebbd49c0e)
0x00007ffebbd49b0e:   e0 1f 3c 15 0f 94 c0 48 8b 5c 24 30 48 8b 74 24
0x00007ffebbd49b1e:   38 48 83 c4 20 5f c3 48 8b 03 48 8b cb ff 10 3b
0x00007ffebbd49b2e:   c6 0f 85 20 ff ff ff 48 8b 43 08 48 39 78 10 0f
0x00007ffebbd49b3e:   85 12 ff ff ff b0 01 48 8b 5c 24 30 48 8b 74 24
0x00007ffebbd49b4e:   38 48 83 c4 20 5f c3 48 8b 03 48 8b cb ff 10 48
0x00007ffebbd49b5e:   8b 5c 24 30 3d d5 00 00 00 48 8b 74 24 38 0f 94
0x00007ffebbd49b6e:   c0 48 83 c4 20 5f c3 cc cc cc cc cc cc cc cc cc
0x00007ffebbd49b7e:   cc cc 48 89 5c 24 08 57 48 83 ec 20 48 8b f9 33
0x00007ffebbd49b8e:   db 8b 49 18 85 c9 74 18 48 8b 47 08 8b d1 0f 1f
0x00007ffebbd49b9e:   40 00 03 db 2b 18 48 8d 40 08 48 83 ea 01 75 f2
0x00007ffebbd49bae:   48 8b 07 48 8b cf ff 10 c1 eb 02 03 c3 48 8b 5c
0x00007ffebbd49bbe:   24 30 03 47 18 48 83 c4 20 5f c3 cc cc cc cc cc
0x00007ffebbd49bce:   cc cc 48 89 5c 24 08 48 89 74 24 10 57 48 83 ec
0x00007ffebbd49bde:   20 48 8b f1 33 db 8b 49 18 85 c9 74 14 48 8b 46
0x00007ffebbd49bee:   08 8b d1 03 db 2b 18 48 8d 40 08 48 83 ea 01 75
0x00007ffebbd49bfe:   f2 48 8b 06 48 8b ce ff 10 48 8b 4e 38 c1 eb 02
0x00007ffebbd49c0e:   48 8b 11 8d 3c 03 03 7e 18 ff 52 50 48 8b 5c 24
0x00007ffebbd49c1e:   30 03 c7 48 8b 74 24 38 48 83 c4 20 5f c3 cc cc
0x00007ffebbd49c2e:   cc cc 48 83 ec 28 ba d2 0a 00 00 48 8d 0d d0 9a
0x00007ffebbd49c3e:   33 00 e8 0b 6d be ff e8 c6 16 02 00 48 8d 05 bf
0x00007ffebbd49c4e:   81 4b 00 48 83 c4 28 c3 cc cc cc cc cc cc cc cc
0x00007ffebbd49c5e:   cc cc 48 89 5c 24 08 48 89 74 24 10 57 48 83 ec
0x00007ffebbd49c6e:   20 8b f2 49 8b f8 33 d2 48 8b d9 e8 c2 e4 ff ff
0x00007ffebbd49c7e:   8b 43 18 2b c6 83 e8 01 74 3c 4c 8b 4b 08 44 8d
0x00007ffebbd49c8e:   46 01 49 ff c8 44 8b d0 4d 03 c2 48 8d 56 ff 49
0x00007ffebbd49c9e:   03 d2 4f 8d 04 c1 49 8d 14 d1 85 c0 74 18 0f 1f
0x00007ffebbd49cae:   40 00 48 8b 02 48 8d 52 f8 49 89 00 4d 8d 40 f8
0x00007ffebbd49cbe:   49 83 ea 01 75 ec 48 8b 43 08 48 89 3c f0 48 85
0x00007ffebbd49cce:   ff 74 0b 48 8b d3 48 8b cf e8 e4 02 9f ff 8b 0d
0x00007ffebbd49cde:   e6 a1 55 00 65 48 8b 04 25 58 00 00 00 ba 68 00
0x00007ffebbd49cee:   00 00 48 8b 04 c8 80 3c 02 00 75 05 e8 51 bd 20
0x00007ffebbd49cfe:   00 48 8b 5c 24 30 48 8b 74 24 38 48 83 c4 20 5f 


Stack slot to memory mapping:
stack at sp + 0 slots: 0x000000000b7f359a is an unknown value
stack at sp + 1 slots: 0x000000000000055e is an unknown value
stack at sp + 2 slots: 0x0000011dd155e1e8 points into unknown readable memory: 0x00007ffebbff5298 | 98 52 ff bb fe 7f 00 00
stack at sp + 3 slots: 0x0000011dd275b470 points into unknown readable memory: 0x0000011dd38fb010 | 10 b0 8f d3 1d 01 00 00
stack at sp + 4 slots: 0x0000000080000004 is an unknown value
stack at sp + 5 slots: 0x00007ffebb89310a jvm.dll
stack at sp + 6 slots: 0x0000011dd2b52bd0 points into unknown readable memory: 0x00007ffebbff14c0 | c0 14 ff bb fe 7f 00 00
stack at sp + 7 slots: 0x00000000915149e8 is an unknown value


---------------  P R O C E S S  ---------------

Threads class SMR info:
_java_thread_list=0x0000011dd3707c70, length=24, elements={
0x0000011dad2efd90, 0x0000011dccd3f600, 0x0000011dccd40400, 0x0000011dccd423c0,
0x0000011dccd46d30, 0x0000011dccd47e10, 0x0000011dccd48750, 0x0000011dccd4bb70,
0x0000011dccd585d0, 0x0000011dccd08620, 0x0000011dd11484f0, 0x0000011dd1450fd0,
0x0000011dd18f8f50, 0x0000011dd1451530, 0x0000011dd1d531a0, 0x0000011dd1acec40,
0x0000011dd1d0dc10, 0x0000011dd1c8a770, 0x0000011dd1e8f040, 0x0000011dd1e8e050,
0x0000011dd1e8db00, 0x0000011dd1e90ad0, 0x0000011dd39d1780, 0x0000011dd1e8eaf0
}

Java Threads: ( => current thread )
  0x0000011dad2efd90 JavaThread "main" [_thread_blocked, id=200568, stack(0x0000000a20500000,0x0000000a20600000)]
  0x0000011dccd3f600 JavaThread "Reference Handler" daemon [_thread_blocked, id=186584, stack(0x0000000a20c00000,0x0000000a20d00000)]
  0x0000011dccd40400 JavaThread "Finalizer" daemon [_thread_blocked, id=752, stack(0x0000000a20d00000,0x0000000a20e00000)]
  0x0000011dccd423c0 JavaThread "Signal Dispatcher" daemon [_thread_blocked, id=199864, stack(0x0000000a20e00000,0x0000000a20f00000)]
  0x0000011dccd46d30 JavaThread "Attach Listener" daemon [_thread_blocked, id=42644, stack(0x0000000a20f00000,0x0000000a21000000)]
  0x0000011dccd47e10 JavaThread "Service Thread" daemon [_thread_blocked, id=197552, stack(0x0000000a21000000,0x0000000a21100000)]
  0x0000011dccd48750 JavaThread "Monitor Deflation Thread" daemon [_thread_blocked, id=199712, stack(0x0000000a21100000,0x0000000a21200000)]
  0x0000011dccd4bb70 JavaThread "C2 CompilerThread0" daemon [_thread_in_native, id=196616, stack(0x0000000a21200000,0x0000000a21300000)]
  0x0000011dccd585d0 JavaThread "C1 CompilerThread0" daemon [_thread_blocked, id=149436, stack(0x0000000a21300000,0x0000000a21400000)]
  0x0000011dccd08620 JavaThread "Common-Cleaner" daemon [_thread_blocked, id=200248, stack(0x0000000a21400000,0x0000000a21500000)]
  0x0000011dd11484f0 JavaThread "C2 CompilerThread1" daemon [_thread_in_native, id=188200, stack(0x0000000a21500000,0x0000000a21600000)]
  0x0000011dd1450fd0 JavaThread "JDWP Transport Listener: dt_socket" daemon [_thread_blocked, id=197344, stack(0x0000000a21700000,0x0000000a21800000)]
  0x0000011dd18f8f50 JavaThread "JDWP Event Helper Thread" daemon [_thread_blocked, id=5116, stack(0x0000000a21800000,0x0000000a21900000)]
  0x0000011dd1451530 JavaThread "JDWP Command Reader" daemon [_thread_in_native, id=6776, stack(0x0000000a21900000,0x0000000a21a00000)]
  0x0000011dd1d531a0 JavaThread "Notification Thread" daemon [_thread_blocked, id=304, stack(0x0000000a21a00000,0x0000000a21b00000)]
  0x0000011dd1acec40 JavaThread "QuantumRenderer-0" daemon [_thread_blocked, id=195012, stack(0x0000000a21c00000,0x0000000a21d00000)]
  0x0000011dd1d0dc10 JavaThread "InvokeLaterDispatcher" daemon [_thread_blocked, id=200532, stack(0x0000000a21e00000,0x0000000a21f00000)]
  0x0000011dd1c8a770 JavaThread "JavaFX Application Thread" [_thread_in_native, id=40436, stack(0x0000000a21f00000,0x0000000a22000000)]
  0x0000011dd1e8f040 JavaThread "Thread-1" daemon [_thread_in_native, id=199676, stack(0x0000000a22900000,0x0000000a22a00000)]
  0x0000011dd1e8e050 JavaThread "JavaFX-Launcher" [_thread_blocked, id=200472, stack(0x0000000a22a00000,0x0000000a22b00000)]
  0x0000011dd1e8db00 JavaThread "Thread-4" daemon [_thread_in_Java, id=193524, stack(0x0000000a22c00000,0x0000000a22d00000)]
  0x0000011dd1e90ad0 JavaThread "Prism Font Disposer" daemon [_thread_blocked, id=103056, stack(0x0000000a22f00000,0x0000000a23000000)]
=>0x0000011dd39d1780 JavaThread "C2 CompilerThread2" daemon [_thread_in_native, id=5112, stack(0x0000000a23000000,0x0000000a23100000)]
  0x0000011dd1e8eaf0 JavaThread "Cleaner-0" daemon [_thread_blocked, id=197508, stack(0x0000000a23130000,0x0000000a23230000)]

Other Threads:
  0x0000011dccd1f6e0 VMThread "VM Thread" [stack: 0x0000000a20b00000,0x0000000a20c00000] [id=30328]
  0x0000011dd1451a90 WatcherThread "VM Periodic Task Thread" [stack: 0x0000000a21b00000,0x0000000a21c00000] [id=17196]
  0x0000011dad360a50 WorkerThread "GC Thread#0" [stack: 0x0000000a20600000,0x0000000a20700000] [id=199392]
  0x0000011dd1e4cc40 WorkerThread "GC Thread#1" [stack: 0x0000000a21600000,0x0000000a21700000] [id=197904]
  0x0000011dd1e4cf10 WorkerThread "GC Thread#2" [stack: 0x0000000a22100000,0x0000000a22200000] [id=200012]
  0x0000011dd1e4d1e0 WorkerThread "GC Thread#3" [stack: 0x0000000a22200000,0x0000000a22300000] [id=197876]
  0x0000011dd1e4da50 WorkerThread "GC Thread#4" [stack: 0x0000000a22300000,0x0000000a22400000] [id=197216]
  0x0000011dd1e4c6a0 WorkerThread "GC Thread#5" [stack: 0x0000000a22400000,0x0000000a22500000] [id=200664]
  0x0000011dd1e4d780 WorkerThread "GC Thread#6" [stack: 0x0000000a22500000,0x0000000a22600000] [id=42624]
  0x0000011dd34881f0 WorkerThread "GC Thread#7" [stack: 0x0000000a22600000,0x0000000a22700000] [id=197192]
  0x0000011dd3489000 WorkerThread "GC Thread#8" [stack: 0x0000000a22700000,0x0000000a22800000] [id=195580]
  0x0000011dd348b1c0 WorkerThread "GC Thread#9" [stack: 0x0000000a22800000,0x0000000a22900000] [id=101808]
  0x0000011dad372960 ConcurrentGCThread "G1 Main Marker" [stack: 0x0000000a20700000,0x0000000a20800000] [id=198280]
  0x0000011dad373a40 WorkerThread "G1 Conc#0" [stack: 0x0000000a20800000,0x0000000a20900000] [id=197648]
  0x0000011dad3be240 ConcurrentGCThread "G1 Refine#0" [stack: 0x0000000a20900000,0x0000000a20a00000] [id=200328]
  0x0000011dad3bebf0 ConcurrentGCThread "G1 Service" [stack: 0x0000000a20a00000,0x0000000a20b00000] [id=197836]

Threads with active compile tasks:
C2 CompilerThread0     1523 2054       4       java.lang.invoke.MethodType::makeImpl (109 bytes)
C2 CompilerThread1     1523 2305       4       java.lang.invoke.MethodType::methodType (69 bytes)
C2 CompilerThread2     1523 2181       4       com.sun.javafx.css.StyleMap::getCascadingStyles (384 bytes)

VM state: not at safepoint (normal execution)

VM Mutex/Monitor currently owned by a thread: None

Heap address: 0x0000000700c00000, size: 4084 MB, Compressed Oops mode: Zero based, Oop shift amount: 3

CDS archive(s) mapped at: [0x0000000800000000-0x0000000800c60000-0x0000000800c60000), size 12976128, SharedBaseAddress: 0x0000000800000000, ArchiveRelocationMode: 0.
Compressed class space mapped at: 0x0000000801000000-0x0000000841000000, reserved size: 1073741824
Narrow klass base: 0x0000000800000000, Narrow klass shift: 0, Narrow klass range: 0x100000000

GC Precious Log:
 CardTable entry size: 512
 Card Set container configuration: InlinePtr #cards 4 size 8 Array Of Cards #cards 16 size 48 Howl #buckets 8 coarsen threshold 3686 Howl Bitmap #cards 512 size 80 coarsen threshold 460 Card regions per heap region 1 cards per card region 4096
 CPUs: 12 total, 12 available
 Memory: 16332M
 Large Page Support: Disabled
 NUMA Support: Disabled
 Compressed Oops: Enabled (Zero based)
 Heap Region Size: 2M
 Heap Min Capacity: 8M
 Heap Initial Capacity: 256M
 Heap Max Capacity: 4084M
 Pre-touch: Disabled
 Parallel Workers: 10
 Concurrent Workers: 3
 Concurrent Refinement Workers: 10
 Periodic GC: Disabled

Heap:
 garbage-first heap   total 262144K, used 22738K [0x0000000700c00000, 0x0000000800000000)
  region size 2048K, 11 young (22528K), 3 survivors (6144K)
 Metaspace       used 16338K, committed 16704K, reserved 1114112K
  class space    used 2313K, committed 2496K, reserved 1048576K

Heap Regions: E=young(eden), S=young(survivor), O=old, HS=humongous(starts), HC=humongous(continues), CS=collection set, F=free, OA=open archive, CA=closed archive, TAMS=top-at-mark-start, PB=parsable bottom
|   0|0x0000000700c00000, 0x0000000700c34800, 0x0000000700e00000| 10%| O|  |TAMS 0x0000000700c00000| PB 0x0000000700c00000| Untracked 
|   1|0x0000000700e00000, 0x0000000701000000, 0x0000000701000000|100%|HS|  |TAMS 0x0000000700e00000| PB 0x0000000700e00000| Complete 
|   2|0x0000000701000000, 0x0000000701000000, 0x0000000701200000|  0%| F|  |TAMS 0x0000000701000000| PB 0x0000000701000000| Untracked 
|   3|0x0000000701200000, 0x0000000701200000, 0x0000000701400000|  0%| F|  |TAMS 0x0000000701200000| PB 0x0000000701200000| Untracked 
|   4|0x0000000701400000, 0x0000000701400000, 0x0000000701600000|  0%| F|  |TAMS 0x0000000701400000| PB 0x0000000701400000| Untracked 
|   5|0x0000000701600000, 0x0000000701600000, 0x0000000701800000|  0%| F|  |TAMS 0x0000000701600000| PB 0x0000000701600000| Untracked 
|   6|0x0000000701800000, 0x0000000701800000, 0x0000000701a00000|  0%| F|  |TAMS 0x0000000701800000| PB 0x0000000701800000| Untracked 
|   7|0x0000000701a00000, 0x0000000701a00000, 0x0000000701c00000|  0%| F|  |TAMS 0x0000000701a00000| PB 0x0000000701a00000| Untracked 
|   8|0x0000000701c00000, 0x0000000701c00000, 0x0000000701e00000|  0%| F|  |TAMS 0x0000000701c00000| PB 0x0000000701c00000| Untracked 
|   9|0x0000000701e00000, 0x0000000701e00000, 0x0000000702000000|  0%| F|  |TAMS 0x0000000701e00000| PB 0x0000000701e00000| Untracked 
|  10|0x0000000702000000, 0x0000000702000000, 0x0000000702200000|  0%| F|  |TAMS 0x0000000702000000| PB 0x0000000702000000| Untracked 
|  11|0x0000000702200000, 0x0000000702200000, 0x0000000702400000|  0%| F|  |TAMS 0x0000000702200000| PB 0x0000000702200000| Untracked 
|  12|0x0000000702400000, 0x0000000702400000, 0x0000000702600000|  0%| F|  |TAMS 0x0000000702400000| PB 0x0000000702400000| Untracked 
|  13|0x0000000702600000, 0x0000000702600000, 0x0000000702800000|  0%| F|  |TAMS 0x0000000702600000| PB 0x0000000702600000| Untracked 
|  14|0x0000000702800000, 0x0000000702800000, 0x0000000702a00000|  0%| F|  |TAMS 0x0000000702800000| PB 0x0000000702800000| Untracked 
|  15|0x0000000702a00000, 0x0000000702a00000, 0x0000000702c00000|  0%| F|  |TAMS 0x0000000702a00000| PB 0x0000000702a00000| Untracked 
|  16|0x0000000702c00000, 0x0000000702c00000, 0x0000000702e00000|  0%| F|  |TAMS 0x0000000702c00000| PB 0x0000000702c00000| Untracked 
|  17|0x0000000702e00000, 0x0000000702e00000, 0x0000000703000000|  0%| F|  |TAMS 0x0000000702e00000| PB 0x0000000702e00000| Untracked 
|  18|0x0000000703000000, 0x0000000703000000, 0x0000000703200000|  0%| F|  |TAMS 0x0000000703000000| PB 0x0000000703000000| Untracked 
|  19|0x0000000703200000, 0x0000000703200000, 0x0000000703400000|  0%| F|  |TAMS 0x0000000703200000| PB 0x0000000703200000| Untracked 
|  20|0x0000000703400000, 0x0000000703400000, 0x0000000703600000|  0%| F|  |TAMS 0x0000000703400000| PB 0x0000000703400000| Untracked 
|  21|0x0000000703600000, 0x0000000703600000, 0x0000000703800000|  0%| F|  |TAMS 0x0000000703600000| PB 0x0000000703600000| Untracked 
|  22|0x0000000703800000, 0x0000000703800000, 0x0000000703a00000|  0%| F|  |TAMS 0x0000000703800000| PB 0x0000000703800000| Untracked 
|  23|0x0000000703a00000, 0x0000000703a00000, 0x0000000703c00000|  0%| F|  |TAMS 0x0000000703a00000| PB 0x0000000703a00000| Untracked 
|  24|0x0000000703c00000, 0x0000000703c00000, 0x0000000703e00000|  0%| F|  |TAMS 0x0000000703c00000| PB 0x0000000703c00000| Untracked 
|  25|0x0000000703e00000, 0x0000000703e00000, 0x0000000704000000|  0%| F|  |TAMS 0x0000000703e00000| PB 0x0000000703e00000| Untracked 
|  26|0x0000000704000000, 0x0000000704000000, 0x0000000704200000|  0%| F|  |TAMS 0x0000000704000000| PB 0x0000000704000000| Untracked 
|  27|0x0000000704200000, 0x0000000704200000, 0x0000000704400000|  0%| F|  |TAMS 0x0000000704200000| PB 0x0000000704200000| Untracked 
|  28|0x0000000704400000, 0x0000000704400000, 0x0000000704600000|  0%| F|  |TAMS 0x0000000704400000| PB 0x0000000704400000| Untracked 
|  29|0x0000000704600000, 0x0000000704600000, 0x0000000704800000|  0%| F|  |TAMS 0x0000000704600000| PB 0x0000000704600000| Untracked 
|  30|0x0000000704800000, 0x0000000704800000, 0x0000000704a00000|  0%| F|  |TAMS 0x0000000704800000| PB 0x0000000704800000| Untracked 
|  31|0x0000000704a00000, 0x0000000704a00000, 0x0000000704c00000|  0%| F|  |TAMS 0x0000000704a00000| PB 0x0000000704a00000| Untracked 
|  32|0x0000000704c00000, 0x0000000704c00000, 0x0000000704e00000|  0%| F|  |TAMS 0x0000000704c00000| PB 0x0000000704c00000| Untracked 
|  33|0x0000000704e00000, 0x0000000704e00000, 0x0000000705000000|  0%| F|  |TAMS 0x0000000704e00000| PB 0x0000000704e00000| Untracked 
|  34|0x0000000705000000, 0x0000000705000000, 0x0000000705200000|  0%| F|  |TAMS 0x0000000705000000| PB 0x0000000705000000| Untracked 
|  35|0x0000000705200000, 0x0000000705200000, 0x0000000705400000|  0%| F|  |TAMS 0x0000000705200000| PB 0x0000000705200000| Untracked 
|  36|0x0000000705400000, 0x0000000705400000, 0x0000000705600000|  0%| F|  |TAMS 0x0000000705400000| PB 0x0000000705400000| Untracked 
|  37|0x0000000705600000, 0x0000000705600000, 0x0000000705800000|  0%| F|  |TAMS 0x0000000705600000| PB 0x0000000705600000| Untracked 
|  38|0x0000000705800000, 0x0000000705800000, 0x0000000705a00000|  0%| F|  |TAMS 0x0000000705800000| PB 0x0000000705800000| Untracked 
|  39|0x0000000705a00000, 0x0000000705a00000, 0x0000000705c00000|  0%| F|  |TAMS 0x0000000705a00000| PB 0x0000000705a00000| Untracked 
|  40|0x0000000705c00000, 0x0000000705c00000, 0x0000000705e00000|  0%| F|  |TAMS 0x0000000705c00000| PB 0x0000000705c00000| Untracked 
|  41|0x0000000705e00000, 0x0000000705e00000, 0x0000000706000000|  0%| F|  |TAMS 0x0000000705e00000| PB 0x0000000705e00000| Untracked 
|  42|0x0000000706000000, 0x0000000706000000, 0x0000000706200000|  0%| F|  |TAMS 0x0000000706000000| PB 0x0000000706000000| Untracked 
|  43|0x0000000706200000, 0x0000000706200000, 0x0000000706400000|  0%| F|  |TAMS 0x0000000706200000| PB 0x0000000706200000| Untracked 
|  44|0x0000000706400000, 0x0000000706400000, 0x0000000706600000|  0%| F|  |TAMS 0x0000000706400000| PB 0x0000000706400000| Untracked 
|  45|0x0000000706600000, 0x0000000706600000, 0x0000000706800000|  0%| F|  |TAMS 0x0000000706600000| PB 0x0000000706600000| Untracked 
|  46|0x0000000706800000, 0x0000000706800000, 0x0000000706a00000|  0%| F|  |TAMS 0x0000000706800000| PB 0x0000000706800000| Untracked 
|  47|0x0000000706a00000, 0x0000000706a00000, 0x0000000706c00000|  0%| F|  |TAMS 0x0000000706a00000| PB 0x0000000706a00000| Untracked 
|  48|0x0000000706c00000, 0x0000000706c00000, 0x0000000706e00000|  0%| F|  |TAMS 0x0000000706c00000| PB 0x0000000706c00000| Untracked 
|  49|0x0000000706e00000, 0x0000000706e00000, 0x0000000707000000|  0%| F|  |TAMS 0x0000000706e00000| PB 0x0000000706e00000| Untracked 
|  50|0x0000000707000000, 0x0000000707000000, 0x0000000707200000|  0%| F|  |TAMS 0x0000000707000000| PB 0x0000000707000000| Untracked 
|  51|0x0000000707200000, 0x0000000707200000, 0x0000000707400000|  0%| F|  |TAMS 0x0000000707200000| PB 0x0000000707200000| Untracked 
|  52|0x0000000707400000, 0x0000000707400000, 0x0000000707600000|  0%| F|  |TAMS 0x0000000707400000| PB 0x0000000707400000| Untracked 
|  53|0x0000000707600000, 0x0000000707600000, 0x0000000707800000|  0%| F|  |TAMS 0x0000000707600000| PB 0x0000000707600000| Untracked 
|  54|0x0000000707800000, 0x0000000707800000, 0x0000000707a00000|  0%| F|  |TAMS 0x0000000707800000| PB 0x0000000707800000| Untracked 
|  55|0x0000000707a00000, 0x0000000707a00000, 0x0000000707c00000|  0%| F|  |TAMS 0x0000000707a00000| PB 0x0000000707a00000| Untracked 
|  56|0x0000000707c00000, 0x0000000707c00000, 0x0000000707e00000|  0%| F|  |TAMS 0x0000000707c00000| PB 0x0000000707c00000| Untracked 
|  57|0x0000000707e00000, 0x0000000707e00000, 0x0000000708000000|  0%| F|  |TAMS 0x0000000707e00000| PB 0x0000000707e00000| Untracked 
|  58|0x0000000708000000, 0x0000000708000000, 0x0000000708200000|  0%| F|  |TAMS 0x0000000708000000| PB 0x0000000708000000| Untracked 
|  59|0x0000000708200000, 0x0000000708200000, 0x0000000708400000|  0%| F|  |TAMS 0x0000000708200000| PB 0x0000000708200000| Untracked 
|  60|0x0000000708400000, 0x0000000708400000, 0x0000000708600000|  0%| F|  |TAMS 0x0000000708400000| PB 0x0000000708400000| Untracked 
|  61|0x0000000708600000, 0x0000000708600000, 0x0000000708800000|  0%| F|  |TAMS 0x0000000708600000| PB 0x0000000708600000| Untracked 
|  62|0x0000000708800000, 0x0000000708800000, 0x0000000708a00000|  0%| F|  |TAMS 0x0000000708800000| PB 0x0000000708800000| Untracked 
|  63|0x0000000708a00000, 0x0000000708a00000, 0x0000000708c00000|  0%| F|  |TAMS 0x0000000708a00000| PB 0x0000000708a00000| Untracked 
|  64|0x0000000708c00000, 0x0000000708c00000, 0x0000000708e00000|  0%| F|  |TAMS 0x0000000708c00000| PB 0x0000000708c00000| Untracked 
|  65|0x0000000708e00000, 0x0000000708e00000, 0x0000000709000000|  0%| F|  |TAMS 0x0000000708e00000| PB 0x0000000708e00000| Untracked 
|  66|0x0000000709000000, 0x0000000709000000, 0x0000000709200000|  0%| F|  |TAMS 0x0000000709000000| PB 0x0000000709000000| Untracked 
|  67|0x0000000709200000, 0x0000000709200000, 0x0000000709400000|  0%| F|  |TAMS 0x0000000709200000| PB 0x0000000709200000| Untracked 
|  68|0x0000000709400000, 0x0000000709400000, 0x0000000709600000|  0%| F|  |TAMS 0x0000000709400000| PB 0x0000000709400000| Untracked 
|  69|0x0000000709600000, 0x0000000709600000, 0x0000000709800000|  0%| F|  |TAMS 0x0000000709600000| PB 0x0000000709600000| Untracked 
|  70|0x0000000709800000, 0x0000000709800000, 0x0000000709a00000|  0%| F|  |TAMS 0x0000000709800000| PB 0x0000000709800000| Untracked 
|  71|0x0000000709a00000, 0x0000000709a00000, 0x0000000709c00000|  0%| F|  |TAMS 0x0000000709a00000| PB 0x0000000709a00000| Untracked 
|  72|0x0000000709c00000, 0x0000000709c00000, 0x0000000709e00000|  0%| F|  |TAMS 0x0000000709c00000| PB 0x0000000709c00000| Untracked 
|  73|0x0000000709e00000, 0x0000000709e00000, 0x000000070a000000|  0%| F|  |TAMS 0x0000000709e00000| PB 0x0000000709e00000| Untracked 
|  74|0x000000070a000000, 0x000000070a000000, 0x000000070a200000|  0%| F|  |TAMS 0x000000070a000000| PB 0x000000070a000000| Untracked 
|  75|0x000000070a200000, 0x000000070a200000, 0x000000070a400000|  0%| F|  |TAMS 0x000000070a200000| PB 0x000000070a200000| Untracked 
|  76|0x000000070a400000, 0x000000070a400000, 0x000000070a600000|  0%| F|  |TAMS 0x000000070a400000| PB 0x000000070a400000| Untracked 
|  77|0x000000070a600000, 0x000000070a600000, 0x000000070a800000|  0%| F|  |TAMS 0x000000070a600000| PB 0x000000070a600000| Untracked 
|  78|0x000000070a800000, 0x000000070a800000, 0x000000070aa00000|  0%| F|  |TAMS 0x000000070a800000| PB 0x000000070a800000| Untracked 
|  79|0x000000070aa00000, 0x000000070aa00000, 0x000000070ac00000|  0%| F|  |TAMS 0x000000070aa00000| PB 0x000000070aa00000| Untracked 
|  80|0x000000070ac00000, 0x000000070ac00000, 0x000000070ae00000|  0%| F|  |TAMS 0x000000070ac00000| PB 0x000000070ac00000| Untracked 
|  81|0x000000070ae00000, 0x000000070ae00000, 0x000000070b000000|  0%| F|  |TAMS 0x000000070ae00000| PB 0x000000070ae00000| Untracked 
|  82|0x000000070b000000, 0x000000070b000000, 0x000000070b200000|  0%| F|  |TAMS 0x000000070b000000| PB 0x000000070b000000| Untracked 
|  83|0x000000070b200000, 0x000000070b200000, 0x000000070b400000|  0%| F|  |TAMS 0x000000070b200000| PB 0x000000070b200000| Untracked 
|  84|0x000000070b400000, 0x000000070b400000, 0x000000070b600000|  0%| F|  |TAMS 0x000000070b400000| PB 0x000000070b400000| Untracked 
|  85|0x000000070b600000, 0x000000070b600000, 0x000000070b800000|  0%| F|  |TAMS 0x000000070b600000| PB 0x000000070b600000| Untracked 
|  86|0x000000070b800000, 0x000000070b800000, 0x000000070ba00000|  0%| F|  |TAMS 0x000000070b800000| PB 0x000000070b800000| Untracked 
|  87|0x000000070ba00000, 0x000000070ba00000, 0x000000070bc00000|  0%| F|  |TAMS 0x000000070ba00000| PB 0x000000070ba00000| Untracked 
|  88|0x000000070bc00000, 0x000000070bc00000, 0x000000070be00000|  0%| F|  |TAMS 0x000000070bc00000| PB 0x000000070bc00000| Untracked 
|  89|0x000000070be00000, 0x000000070be00000, 0x000000070c000000|  0%| F|  |TAMS 0x000000070be00000| PB 0x000000070be00000| Untracked 
|  90|0x000000070c000000, 0x000000070c000000, 0x000000070c200000|  0%| F|  |TAMS 0x000000070c000000| PB 0x000000070c000000| Untracked 
|  91|0x000000070c200000, 0x000000070c200000, 0x000000070c400000|  0%| F|  |TAMS 0x000000070c200000| PB 0x000000070c200000| Untracked 
|  92|0x000000070c400000, 0x000000070c400000, 0x000000070c600000|  0%| F|  |TAMS 0x000000070c400000| PB 0x000000070c400000| Untracked 
|  93|0x000000070c600000, 0x000000070c600000, 0x000000070c800000|  0%| F|  |TAMS 0x000000070c600000| PB 0x000000070c600000| Untracked 
|  94|0x000000070c800000, 0x000000070c800000, 0x000000070ca00000|  0%| F|  |TAMS 0x000000070c800000| PB 0x000000070c800000| Untracked 
|  95|0x000000070ca00000, 0x000000070ca00000, 0x000000070cc00000|  0%| F|  |TAMS 0x000000070ca00000| PB 0x000000070ca00000| Untracked 
|  96|0x000000070cc00000, 0x000000070cc00000, 0x000000070ce00000|  0%| F|  |TAMS 0x000000070cc00000| PB 0x000000070cc00000| Untracked 
|  97|0x000000070ce00000, 0x000000070ce00000, 0x000000070d000000|  0%| F|  |TAMS 0x000000070ce00000| PB 0x000000070ce00000| Untracked 
|  98|0x000000070d000000, 0x000000070d000000, 0x000000070d200000|  0%| F|  |TAMS 0x000000070d000000| PB 0x000000070d000000| Untracked 
|  99|0x000000070d200000, 0x000000070d200000, 0x000000070d400000|  0%| F|  |TAMS 0x000000070d200000| PB 0x000000070d200000| Untracked 
| 100|0x000000070d400000, 0x000000070d400000, 0x000000070d600000|  0%| F|  |TAMS 0x000000070d400000| PB 0x000000070d400000| Untracked 
| 101|0x000000070d600000, 0x000000070d600000, 0x000000070d800000|  0%| F|  |TAMS 0x000000070d600000| PB 0x000000070d600000| Untracked 
| 102|0x000000070d800000, 0x000000070d800000, 0x000000070da00000|  0%| F|  |TAMS 0x000000070d800000| PB 0x000000070d800000| Untracked 
| 103|0x000000070da00000, 0x000000070dc00000, 0x000000070dc00000|100%| S|CS|TAMS 0x000000070da00000| PB 0x000000070da00000| Complete 
| 104|0x000000070dc00000, 0x000000070de00000, 0x000000070de00000|100%| S|CS|TAMS 0x000000070dc00000| PB 0x000000070dc00000| Complete 
| 105|0x000000070de00000, 0x000000070e000000, 0x000000070e000000|100%| S|CS|TAMS 0x000000070de00000| PB 0x000000070de00000| Complete 
| 106|0x000000070e000000, 0x000000070e000000, 0x000000070e200000|  0%| F|  |TAMS 0x000000070e000000| PB 0x000000070e000000| Untracked 
| 107|0x000000070e200000, 0x000000070e200000, 0x000000070e400000|  0%| F|  |TAMS 0x000000070e200000| PB 0x000000070e200000| Untracked 
| 108|0x000000070e400000, 0x000000070e400000, 0x000000070e600000|  0%| F|  |TAMS 0x000000070e400000| PB 0x000000070e400000| Untracked 
| 109|0x000000070e600000, 0x000000070e600000, 0x000000070e800000|  0%| F|  |TAMS 0x000000070e600000| PB 0x000000070e600000| Untracked 
| 110|0x000000070e800000, 0x000000070e800000, 0x000000070ea00000|  0%| F|  |TAMS 0x000000070e800000| PB 0x000000070e800000| Untracked 
| 111|0x000000070ea00000, 0x000000070ea00000, 0x000000070ec00000|  0%| F|  |TAMS 0x000000070ea00000| PB 0x000000070ea00000| Untracked 
| 112|0x000000070ec00000, 0x000000070ec00000, 0x000000070ee00000|  0%| F|  |TAMS 0x000000070ec00000| PB 0x000000070ec00000| Untracked 
| 113|0x000000070ee00000, 0x000000070ee00000, 0x000000070f000000|  0%| F|  |TAMS 0x000000070ee00000| PB 0x000000070ee00000| Untracked 
| 114|0x000000070f000000, 0x000000070f000000, 0x000000070f200000|  0%| F|  |TAMS 0x000000070f000000| PB 0x000000070f000000| Untracked 
| 115|0x000000070f200000, 0x000000070f200000, 0x000000070f400000|  0%| F|  |TAMS 0x000000070f200000| PB 0x000000070f200000| Untracked 
| 116|0x000000070f400000, 0x000000070f400000, 0x000000070f600000|  0%| F|  |TAMS 0x000000070f400000| PB 0x000000070f400000| Untracked 
| 117|0x000000070f600000, 0x000000070f600000, 0x000000070f800000|  0%| F|  |TAMS 0x000000070f600000| PB 0x000000070f600000| Untracked 
| 118|0x000000070f800000, 0x000000070f800000, 0x000000070fa00000|  0%| F|  |TAMS 0x000000070f800000| PB 0x000000070f800000| Untracked 
| 119|0x000000070fa00000, 0x000000070fa00000, 0x000000070fc00000|  0%| F|  |TAMS 0x000000070fa00000| PB 0x000000070fa00000| Untracked 
| 120|0x000000070fc00000, 0x000000070fdf3a58, 0x000000070fe00000| 97%| E|  |TAMS 0x000000070fc00000| PB 0x000000070fc00000| Complete 
| 121|0x000000070fe00000, 0x0000000710000000, 0x0000000710000000|100%| E|CS|TAMS 0x000000070fe00000| PB 0x000000070fe00000| Complete 
| 122|0x0000000710000000, 0x0000000710200000, 0x0000000710200000|100%| E|CS|TAMS 0x0000000710000000| PB 0x0000000710000000| Complete 
| 123|0x0000000710200000, 0x0000000710400000, 0x0000000710400000|100%| E|CS|TAMS 0x0000000710200000| PB 0x0000000710200000| Complete 
| 124|0x0000000710400000, 0x0000000710600000, 0x0000000710600000|100%| E|CS|TAMS 0x0000000710400000| PB 0x0000000710400000| Complete 
| 125|0x0000000710600000, 0x0000000710800000, 0x0000000710800000|100%| E|CS|TAMS 0x0000000710600000| PB 0x0000000710600000| Complete 
| 126|0x0000000710800000, 0x0000000710a00000, 0x0000000710a00000|100%| E|CS|TAMS 0x0000000710800000| PB 0x0000000710800000| Complete 
| 127|0x0000000710a00000, 0x0000000710c00000, 0x0000000710c00000|100%| E|CS|TAMS 0x0000000710a00000| PB 0x0000000710a00000| Complete 

Card table byte_map: [0x0000011dc5110000,0x0000011dc5910000] _byte_map_base: 0x0000011dc190a000

Marking Bits: (CMBitMap*) 0x0000011dad361fa0
 Bits: [0x0000011dc6110000, 0x0000011dca0e0000)

Polling page: 0x0000011dab0a0000

Metaspace:

Usage:
  Non-class:     13.70 MB used.
      Class:      2.26 MB used.
       Both:     15.96 MB used.

Virtual space:
  Non-class space:       64.00 MB reserved,      13.88 MB ( 22%) committed,  1 nodes.
      Class space:        1.00 GB reserved,       2.44 MB ( <1%) committed,  1 nodes.
             Both:        1.06 GB reserved,      16.31 MB (  1%) committed. 

Chunk freelists:
   Non-Class:  2.09 MB
       Class:  1.54 MB
        Both:  3.63 MB

MaxMetaspaceSize: unlimited
CompressedClassSpaceSize: 1.00 GB
Initial GC threshold: 21.00 MB
Current GC threshold: 21.00 MB
CDS: on
MetaspaceReclaimPolicy: balanced
 - commit_granule_bytes: 65536.
 - commit_granule_words: 8192.
 - virtual_space_node_default_size: 8388608.
 - enlarge_chunks_in_place: 1.
 - new_chunks_are_fully_committed: 0.
 - uncommit_free_chunks: 1.
 - use_allocation_guard: 0.


Internal statistics:

num_allocs_failed_limit: 0.
num_arena_births: 368.
num_arena_deaths: 0.
num_vsnodes_births: 2.
num_vsnodes_deaths: 0.
num_space_committed: 261.
num_space_uncommitted: 0.
num_chunks_returned_to_freelist: 0.
num_chunks_taken_from_freelist: 868.
num_chunk_merges: 0.
num_chunk_splits: 616.
num_chunks_enlarged: 455.
num_inconsistent_stats: 0.

CodeHeap 'non-profiled nmethods': size=120000Kb used=952Kb max_used=952Kb free=119047Kb
 bounds [0x0000011dbce80000, 0x0000011dbd0f0000, 0x0000011dc43b0000]
CodeHeap 'profiled nmethods': size=120000Kb used=4575Kb max_used=4575Kb free=115424Kb
 bounds [0x0000011db53b0000, 0x0000011db5830000, 0x0000011dbc8e0000]
CodeHeap 'non-nmethods': size=5760Kb used=1892Kb max_used=1945Kb free=3867Kb
 bounds [0x0000011dbc8e0000, 0x0000011dbcb50000, 0x0000011dbce80000]
 total_blobs=3176 nmethods=2381 adapters=705
 compilation: enabled
              stopped_count=0, restarted_count=0
 full_count=0

Compilation events (20 events):
Event: 1.356 Thread 0x0000011dd11484f0 2237       4       java.lang.ref.Reference::refersToImpl (6 bytes)
Event: 1.356 Thread 0x0000011dccd585d0 nmethod 2254 0x0000011db5800090 code [0x0000011db5800220, 0x0000011db5800420]
Event: 1.356 Thread 0x0000011dccd585d0 2256       3       com.sun.javafx.geom.RectBounds::deriveWithNewBounds (96 bytes)
Event: 1.357 Thread 0x0000011dd11484f0 nmethod 2237 0x0000011dbcf58c10 code [0x0000011dbcf58d80, 0x0000011dbcf58e18]
Event: 1.357 Thread 0x0000011dccd585d0 nmethod 2256 0x0000011db5800510 code [0x0000011db5800760, 0x0000011db58011a8]
Event: 1.357 Thread 0x0000011dccd585d0 2257       3       javafx.scene.layout.Region::getHeight (22 bytes)
Event: 1.357 Thread 0x0000011dccd585d0 nmethod 2257 0x0000011db5801490 code [0x0000011db5801640, 0x0000011db5801a00]
Event: 1.357 Thread 0x0000011dccd585d0 2259       3       javafx.scene.layout.Region::getWidth (22 bytes)
Event: 1.357 Thread 0x0000011dccd585d0 nmethod 2259 0x0000011db5801b10 code [0x0000011db5801cc0, 0x0000011db5802080]
Event: 1.357 Thread 0x0000011dccd585d0 2260       3       javafx.scene.layout.Region::getBorder (11 bytes)
Event: 1.358 Thread 0x0000011dccd585d0 nmethod 2260 0x0000011db5802190 code [0x0000011db5802340, 0x0000011db5802768]
Event: 1.358 Thread 0x0000011dccd585d0 2255       1       com.sun.javafx.geom.transform.Translate2D::isTranslateOrIdentity (2 bytes)
Event: 1.358 Thread 0x0000011dccd585d0 nmethod 2255 0x0000011dbcf58f10 code [0x0000011dbcf59080, 0x0000011dbcf59148]
Event: 1.358 Thread 0x0000011dccd585d0 2258       1       com.sun.javafx.sg.prism.NGNode::hasVisuals (2 bytes)
Event: 1.358 Thread 0x0000011dccd585d0 nmethod 2258 0x0000011dbcf59210 code [0x0000011dbcf59380, 0x0000011dbcf59448]
Event: 1.358 Thread 0x0000011dccd585d0 2261       3       com.sun.javafx.sg.prism.NGNode::invalidateCache (15 bytes)
Event: 1.358 Thread 0x0000011dccd585d0 nmethod 2261 0x0000011db5802890 code [0x0000011db5802a20, 0x0000011db5802b98]
Event: 1.358 Thread 0x0000011dccd585d0 2262       3       com.sun.javafx.sg.prism.NGNode::invalidateOpaqueRegion (20 bytes)
Event: 1.358 Thread 0x0000011dccd585d0 nmethod 2262 0x0000011db5802c90 code [0x0000011db5802e40, 0x0000011db5803080]
Event: 1.358 Thread 0x0000011dccd585d0 2263   !   3       jdk.internal.math.FloatingDecimal::readJavaFormatString (826 bytes)

GC Heap History (4 events):
Event: 0.615 GC heap before
{Heap before GC invocations=0 (full 0):
 garbage-first heap   total 262144K, used 22528K [0x0000000700c00000, 0x0000000800000000)
  region size 2048K, 11 young (22528K), 0 survivors (0K)
 Metaspace       used 4228K, committed 4416K, reserved 1114112K
  class space    used 428K, committed 512K, reserved 1048576K
}
Event: 0.617 GC heap after
{Heap after GC invocations=1 (full 0):
 garbage-first heap   total 262144K, used 2634K [0x0000000700c00000, 0x0000000800000000)
  region size 2048K, 2 young (4096K), 2 survivors (4096K)
 Metaspace       used 4228K, committed 4416K, reserved 1114112K
  class space    used 428K, committed 512K, reserved 1048576K
}
Event: 1.218 GC heap before
{Heap before GC invocations=1 (full 0):
 garbage-first heap   total 262144K, used 41546K [0x0000000700c00000, 0x0000000800000000)
  region size 2048K, 22 young (45056K), 2 survivors (4096K)
 Metaspace       used 13194K, committed 13504K, reserved 1114112K
  class space    used 1752K, committed 1856K, reserved 1048576K
}
Event: 1.222 GC heap after
{Heap after GC invocations=2 (full 0):
 garbage-first heap   total 262144K, used 6354K [0x0000000700c00000, 0x0000000800000000)
  region size 2048K, 3 young (6144K), 3 survivors (6144K)
 Metaspace       used 13194K, committed 13504K, reserved 1114112K
  class space    used 1752K, committed 1856K, reserved 1048576K
}

Dll operation events (20 events):
Event: 0.371 Loaded shared library C:\Users\onlyt\.openjfx\cache\17.0.6\api-ms-win-crt-locale-l1-1-0.dll
Event: 0.374 Loaded shared library C:\Users\onlyt\.openjfx\cache\17.0.6\api-ms-win-crt-math-l1-1-0.dll
Event: 0.376 Loaded shared library C:\Users\onlyt\.openjfx\cache\17.0.6\api-ms-win-crt-multibyte-l1-1-0.dll
Event: 0.380 Loaded shared library C:\Users\onlyt\.openjfx\cache\17.0.6\api-ms-win-crt-private-l1-1-0.dll
Event: 0.383 Loaded shared library C:\Users\onlyt\.openjfx\cache\17.0.6\api-ms-win-crt-process-l1-1-0.dll
Event: 0.386 Loaded shared library C:\Users\onlyt\.openjfx\cache\17.0.6\api-ms-win-crt-runtime-l1-1-0.dll
Event: 0.389 Loaded shared library C:\Users\onlyt\.openjfx\cache\17.0.6\api-ms-win-crt-stdio-l1-1-0.dll
Event: 0.391 Loaded shared library C:\Users\onlyt\.openjfx\cache\17.0.6\api-ms-win-crt-string-l1-1-0.dll
Event: 0.394 Loaded shared library C:\Users\onlyt\.openjfx\cache\17.0.6\api-ms-win-crt-time-l1-1-0.dll
Event: 0.397 Loaded shared library C:\Users\onlyt\.openjfx\cache\17.0.6\api-ms-win-crt-utility-l1-1-0.dll
Event: 0.408 Loaded shared library C:\Users\onlyt\.openjfx\cache\17.0.6\ucrtbase.dll
Event: 0.411 Loaded shared library C:\Users\onlyt\.openjfx\cache\17.0.6\vcruntime140.dll
Event: 0.414 Loaded shared library C:\Users\onlyt\.openjfx\cache\17.0.6\vcruntime140_1.dll
Event: 0.421 Loaded shared library C:\Users\onlyt\.openjfx\cache\17.0.6\msvcp140.dll
Event: 0.423 Loaded shared library C:\Users\onlyt\.openjfx\cache\17.0.6\msvcp140_1.dll
Event: 0.426 Loaded shared library C:\Users\onlyt\.openjfx\cache\17.0.6\msvcp140_2.dll
Event: 0.456 Loaded shared library C:\Users\onlyt\.openjfx\cache\17.0.6\prism_d3d.dll
Event: 0.523 Loaded shared library C:\Users\onlyt\.openjfx\cache\17.0.6\glass.dll
Event: 0.665 Loaded shared library C:\Program Files\Java\jdk-20\bin\jimage.dll
Event: 0.783 Loaded shared library C:\Users\onlyt\.openjfx\cache\17.0.6\javafx_font.dll

Deoptimization events (20 events):
Event: 1.161 Thread 0x0000011dd1c8a770 Uncommon trap: trap_request=0xffffffde fr.pc=0x0000011dbce923cc relative=0x00000000000001cc
Event: 1.161 Thread 0x0000011dd1c8a770 Uncommon trap: reason=class_check action=maybe_recompile pc=0x0000011dbce923cc method=java.lang.String.equals(Ljava/lang/Object;)Z @ 8 c2
Event: 1.161 Thread 0x0000011dd1c8a770 DEOPT PACKING pc=0x0000011dbce923cc sp=0x0000000a21ffd8f0
Event: 1.161 Thread 0x0000011dd1c8a770 DEOPT UNPACKING pc=0x0000011dbc949d22 sp=0x0000000a21ffd898 mode 2
Event: 1.162 Thread 0x0000011dd1c8a770 Uncommon trap: trap_request=0xffffffde fr.pc=0x0000011dbcf279ac relative=0x00000000000001ac
Event: 1.162 Thread 0x0000011dd1c8a770 Uncommon trap: reason=class_check action=maybe_recompile pc=0x0000011dbcf279ac method=com.sun.javafx.css.BitSet.containsAll(Ljava/util/Collection;)Z @ 18 c2
Event: 1.162 Thread 0x0000011dd1c8a770 DEOPT PACKING pc=0x0000011dbcf279ac sp=0x0000000a21ffd850
Event: 1.162 Thread 0x0000011dd1c8a770 DEOPT UNPACKING pc=0x0000011dbc949d22 sp=0x0000000a21ffd7e8 mode 2
Event: 1.162 Thread 0x0000011dd1c8a770 Uncommon trap: trap_request=0xffffffde fr.pc=0x0000011dbcf279ac relative=0x00000000000001ac
Event: 1.162 Thread 0x0000011dd1c8a770 Uncommon trap: reason=class_check action=maybe_recompile pc=0x0000011dbcf279ac method=com.sun.javafx.css.BitSet.containsAll(Ljava/util/Collection;)Z @ 18 c2
Event: 1.162 Thread 0x0000011dd1c8a770 DEOPT PACKING pc=0x0000011dbcf279ac sp=0x0000000a21ffd850
Event: 1.162 Thread 0x0000011dd1c8a770 DEOPT UNPACKING pc=0x0000011dbc949d22 sp=0x0000000a21ffd7e8 mode 2
Event: 1.162 Thread 0x0000011dd1c8a770 Uncommon trap: trap_request=0xffffffde fr.pc=0x0000011dbce923cc relative=0x00000000000001cc
Event: 1.162 Thread 0x0000011dd1c8a770 Uncommon trap: reason=class_check action=maybe_recompile pc=0x0000011dbce923cc method=java.lang.String.equals(Ljava/lang/Object;)Z @ 8 c2
Event: 1.162 Thread 0x0000011dd1c8a770 DEOPT PACKING pc=0x0000011dbce923cc sp=0x0000000a21ffd9e0
Event: 1.162 Thread 0x0000011dd1c8a770 DEOPT UNPACKING pc=0x0000011dbc949d22 sp=0x0000000a21ffd988 mode 2
Event: 1.294 Thread 0x0000011dd1c8a770 Uncommon trap: trap_request=0xffffff45 fr.pc=0x0000011dbceee560 relative=0x00000000000001e0
Event: 1.294 Thread 0x0000011dd1c8a770 Uncommon trap: reason=unstable_if action=reinterpret pc=0x0000011dbceee560 method=java.io.ByteArrayInputStream.read()I @ 8 c2
Event: 1.294 Thread 0x0000011dd1c8a770 DEOPT PACKING pc=0x0000011dbceee560 sp=0x0000000a21ffc4e0
Event: 1.294 Thread 0x0000011dd1c8a770 DEOPT UNPACKING pc=0x0000011dbc949d22 sp=0x0000000a21ffc498 mode 2

Classes loaded (20 events):
Event: 1.341 Loading class com/sun/scenario/animation/AnimationPulse$PulseData
Event: 1.341 Loading class com/sun/scenario/animation/AnimationPulse$PulseData done
Event: 1.341 Loading class com/sun/scenario/animation/AnimationPulse$PulseData$Accessor
Event: 1.341 Loading class com/sun/scenario/animation/AnimationPulse$PulseData$Accessor done
Event: 1.341 Loading class com/sun/scenario/animation/AnimationPulse$PulseData
Event: 1.341 Loading class com/sun/scenario/animation/AnimationPulse$PulseData done
Event: 1.341 Loading class com/sun/scenario/animation/AnimationPulse$PulseData$Accessor
Event: 1.341 Loading class com/sun/scenario/animation/AnimationPulse$PulseData$Accessor done
Event: 1.341 Loading class com/sun/scenario/animation/AnimationPulse$PulseData
Event: 1.341 Loading class com/sun/scenario/animation/AnimationPulse$PulseData done
Event: 1.341 Loading class com/sun/scenario/animation/AnimationPulse$PulseData$Accessor
Event: 1.341 Loading class com/sun/scenario/animation/AnimationPulse$PulseData$Accessor done
Event: 1.341 Loading class com/sun/scenario/animation/AnimationPulse$PulseData
Event: 1.341 Loading class com/sun/scenario/animation/AnimationPulse$PulseData done
Event: 1.342 Loading class javafx/animation/Animation$1
Event: 1.342 Loading class javafx/animation/Animation$1 done
Event: 1.343 Loading class com/sun/javafx/tk/TKPulseListener
Event: 1.343 Loading class com/sun/javafx/tk/TKPulseListener done
Event: 1.343 Loading class com/sun/javafx/tk/TKPulseListener
Event: 1.343 Loading class com/sun/javafx/tk/TKPulseListener done

Classes unloaded (0 events):
No events

Classes redefined (0 events):
No events

Internal exceptions (20 events):
Event: 0.882 Thread 0x0000011dd1c8a770 Exception <a 'java/lang/NoSuchMethodError'{0x000000070f777770}: 'void java.lang.invoke.DirectMethodHandle$Holder.invokeSpecial(java.lang.Object, java.lang.Object, int)'> (0x000000070f777770) 
thrown [s\open\src\hotspot\share\interpreter\linkResolver.cpp, line 773]
Event: 0.882 Thread 0x0000011dd1c8a770 Exception <a 'java/lang/NoSuchMethodError'{0x000000070f77b4f0}: 'int java.lang.invoke.DirectMethodHandle$Holder.invokeSpecial(java.lang.Object, java.lang.Object, java.lang.Object, int)'> (0x000000070f77b4f0) 
thrown [s\open\src\hotspot\share\interpreter\linkResolver.cpp, line 773]
Event: 0.882 Thread 0x0000011dd1c8a770 Exception <a 'java/lang/NoSuchMethodError'{0x000000070f7858d8}: 'void java.lang.invoke.DelegatingMethodHandle$Holder.reinvoke_L(java.lang.Object, java.lang.Object, int)'> (0x000000070f7858d8) 
thrown [s\open\src\hotspot\share\interpreter\linkResolver.cpp, line 773]
Event: 0.883 Thread 0x0000011dd1c8a770 Exception <a 'java/lang/NoSuchMethodError'{0x000000070f789300}: 'int java.lang.invoke.DirectMethodHandle$Holder.invokeSpecial(java.lang.Object, java.lang.Object, java.lang.Object)'> (0x000000070f789300) 
thrown [s\open\src\hotspot\share\interpreter\linkResolver.cpp, line 773]
Event: 1.048 Thread 0x0000011dd1c8a770 Exception <a 'sun/nio/fs/WindowsException'{0x000000070e895030}> (0x000000070e895030) 
thrown [s\open\src\hotspot\share\prims\jni.cpp, line 519]
Event: 1.065 Thread 0x0000011dd1c8a770 Implicit null exception at 0x0000011dbcef50a0 to 0x0000011dbcef5420
Event: 1.065 Thread 0x0000011dd1c8a770 Implicit null exception at 0x0000011dbcef4720 to 0x0000011dbcef4a78
Event: 1.065 Thread 0x0000011dd1c8a770 Implicit null exception at 0x0000011dbcea0620 to 0x0000011dbcea069d
Event: 1.116 Thread 0x0000011dd1c8a770 Implicit null exception at 0x0000011dbceea092 to 0x0000011dbceea7b8
Event: 1.132 Thread 0x0000011dd1c8a770 Exception <a 'java/io/FileNotFoundException'{0x000000070e4c8c58}> (0x000000070e4c8c58) 
thrown [s\open\src\hotspot\share\prims\jni.cpp, line 519]
Event: 1.179 Thread 0x0000011dd1c8a770 Exception <a 'java/lang/IncompatibleClassChangeError'{0x000000070e389038}: Found class java.lang.Object, but interface was expected> (0x000000070e389038) 
thrown [s\open\src\hotspot\share\interpreter\linkResolver.cpp, line 840]
Event: 1.234 Thread 0x0000011dd1c8a770 Exception <a 'java/lang/ClassNotFoundException'{0x0000000710b1f6f8}: com/sun/javafx/scene/control/skin/resources/controls> (0x0000000710b1f6f8) 
thrown [s\open\src\hotspot\share\prims\jni.cpp, line 538]
Event: 1.235 Thread 0x0000011dd1c8a770 Exception <a 'java/lang/ClassNotFoundException'{0x0000000710b2d4d0}: com/sun/javafx/scene/control/skin/resources/controls_fr> (0x0000000710b2d4d0) 
thrown [s\open\src\hotspot\share\prims\jni.cpp, line 538]
Event: 1.236 Thread 0x0000011dd1c8a770 Exception <a 'java/lang/ClassNotFoundException'{0x0000000710b3b040}: com/sun/javafx/scene/control/skin/resources/controls_fr_FR> (0x0000000710b3b040) 
thrown [s\open\src\hotspot\share\prims\jni.cpp, line 538]
Event: 1.298 Thread 0x0000011dd1c8a770 Exception <a 'java/lang/NoSuchMethodError'{0x00000007107f5988}: 'int java.lang.invoke.DirectMethodHandle$Holder.invokeSpecial(java.lang.Object, java.lang.Object, int)'> (0x00000007107f5988) 
thrown [s\open\src\hotspot\share\interpreter\linkResolver.cpp, line 773]
Event: 1.332 Thread 0x0000011dd1c8a770 Exception <a 'java/lang/NoSuchMethodError'{0x00000007102a6fb0}: 'java.lang.Object java.lang.invoke.DirectMethodHandle$Holder.newInvokeSpecial(java.lang.Object, java.lang.Object, int)'> (0x00000007102a6fb0) 
thrown [s\open\src\hotspot\share\interpreter\linkResolver.cpp, line 773]
Event: 1.340 Thread 0x0000011dd1c8a770 Exception <a 'java/lang/NoSuchMethodError'{0x00000007102d1878}: 'long java.lang.invoke.DirectMethodHandle$Holder.invokeStatic(java.lang.Object, java.lang.Object, java.lang.Object)'> (0x00000007102d1878) 
thrown [s\open\src\hotspot\share\interpreter\linkResolver.cpp, line 773]
Event: 1.340 Thread 0x0000011dd1c8a770 Exception <a 'java/lang/NoSuchMethodError'{0x00000007102d4c48}: 'long java.lang.invoke.DirectMethodHandle$Holder.invokeStaticInit(java.lang.Object, java.lang.Object, java.lang.Object)'> (0x00000007102d4c48) 
thrown [s\open\src\hotspot\share\interpreter\linkResolver.cpp, line 773]
Event: 1.342 Thread 0x0000011dd1c8a770 Exception <a 'java/lang/NoSuchMethodError'{0x00000007102ecca0}: 'java.lang.Object java.lang.invoke.DirectMethodHandle$Holder.newInvokeSpecial(java.lang.Object, java.lang.Object, long)'> (0x00000007102ecca0) 
thrown [s\open\src\hotspot\share\interpreter\linkResolver.cpp, line 773]
Event: 1.342 Thread 0x0000011dd1c8a770 Exception <a 'java/lang/NoSuchMethodError'{0x00000007102f0598}: 'java.lang.Object java.lang.invoke.Invokers$Holder.linkToTargetMethod(java.lang.Object, long, java.lang.Object)'> (0x00000007102f0598) 
thrown [s\open\src\hotspot\share\interpreter\linkResolver.cpp, line 773]

VM Operations (20 events):
Event: 0.162 Executing VM operation: HandshakeAllThreads
Event: 0.162 Executing VM operation: HandshakeAllThreads done
Event: 0.193 Executing VM operation: ChangeBreakpoints
Event: 0.194 Executing VM operation: ChangeBreakpoints done
Event: 0.194 Executing VM operation: ChangeBreakpoints
Event: 0.194 Executing VM operation: ChangeBreakpoints done
Event: 0.209 Executing VM operation: HandshakeAllThreads
Event: 0.209 Executing VM operation: HandshakeAllThreads done
Event: 0.516 Executing VM operation: HandshakeAllThreads
Event: 0.516 Executing VM operation: HandshakeAllThreads done
Event: 0.615 Executing VM operation: G1CollectForAllocation
Event: 0.617 Executing VM operation: G1CollectForAllocation done
Event: 0.786 Executing VM operation: HandshakeAllThreads
Event: 0.786 Executing VM operation: HandshakeAllThreads done
Event: 0.885 Executing VM operation: ICBufferFull
Event: 0.885 Executing VM operation: ICBufferFull done
Event: 1.207 Executing VM operation: ICBufferFull
Event: 1.208 Executing VM operation: ICBufferFull done
Event: 1.218 Executing VM operation: G1CollectForAllocation
Event: 1.223 Executing VM operation: G1CollectForAllocation done

Events (20 events):
Event: 0.029 Thread 0x0000011dccd4bb70 Thread added: 0x0000011dccd4bb70
Event: 0.029 Thread 0x0000011dccd585d0 Thread added: 0x0000011dccd585d0
Event: 0.053 Thread 0x0000011dccd08620 Thread added: 0x0000011dccd08620
Event: 0.116 Thread 0x0000011dd11484f0 Thread added: 0x0000011dd11484f0
Event: 0.119 Thread 0x0000011dd1148a80 Thread added: 0x0000011dd1148a80
Event: 0.184 Thread 0x0000011dd1450fd0 Thread added: 0x0000011dd1450fd0
Event: 0.184 Thread 0x0000011dd18f8f50 Thread added: 0x0000011dd18f8f50
Event: 0.184 Thread 0x0000011dd1451530 Thread added: 0x0000011dd1451530
Event: 0.204 Thread 0x0000011dd1d531a0 Thread added: 0x0000011dd1d531a0
Event: 0.450 Thread 0x0000011dd1acec40 Thread added: 0x0000011dd1acec40
Event: 0.527 Thread 0x0000011dd1d0dc10 Thread added: 0x0000011dd1d0dc10
Event: 0.530 Thread 0x0000011dd1c8a770 Thread added: 0x0000011dd1c8a770
Event: 0.612 Thread 0x0000011dd1148a80 Thread exited: 0x0000011dd1148a80
Event: 0.640 Thread 0x0000011dd1e8f040 Thread added: 0x0000011dd1e8f040
Event: 0.643 Thread 0x0000011dd1e8e050 Thread added: 0x0000011dd1e8e050
Event: 1.040 Thread 0x0000011dd1e90580 Thread added: 0x0000011dd1e90580
Event: 1.040 Thread 0x0000011dd1e8db00 Thread added: 0x0000011dd1e8db00
Event: 1.042 Thread 0x0000011dd1e90580 Thread exited: 0x0000011dd1e90580
Event: 1.173 Thread 0x0000011dd1e90ad0 Thread added: 0x0000011dd1e90ad0
Event: 1.298 Thread 0x0000011dd39d1780 Thread added: 0x0000011dd39d1780


Dynamic libraries:
0x00007ff68e2f0000 - 0x00007ff68e300000 	C:\Program Files\Java\jdk-20\bin\java.exe
0x00007fff11cb0000 - 0x00007fff11ea8000 	C:\WINDOWS\SYSTEM32\ntdll.dll
0x00007fff10530000 - 0x00007fff105ef000 	C:\WINDOWS\System32\KERNEL32.DLL
0x00007fff0f910000 - 0x00007fff0fc06000 	C:\WINDOWS\System32\KERNELBASE.dll
0x00007fff0fc10000 - 0x00007fff0fd10000 	C:\WINDOWS\System32\ucrtbase.dll
0x00007ffef1c60000 - 0x00007ffef1c7b000 	C:\Program Files\Java\jdk-20\bin\VCRUNTIME140.dll
0x00007ffee6b90000 - 0x00007ffee6ba9000 	C:\Program Files\Java\jdk-20\bin\jli.dll
0x00007fff10a10000 - 0x00007fff10abf000 	C:\WINDOWS\System32\ADVAPI32.dll
0x00007fff10490000 - 0x00007fff1052e000 	C:\WINDOWS\System32\msvcrt.dll
0x00007fff11530000 - 0x00007fff115cc000 	C:\WINDOWS\System32\sechost.dll
0x00007fff11a20000 - 0x00007fff11b46000 	C:\WINDOWS\System32\RPCRT4.dll
0x00007fff10c10000 - 0x00007fff10dad000 	C:\WINDOWS\System32\USER32.dll
0x00007fff0f5d0000 - 0x00007fff0f5f2000 	C:\WINDOWS\System32\win32u.dll
0x00007fff0fd10000 - 0x00007fff0fd3c000 	C:\WINDOWS\System32\GDI32.dll
0x00007fff02da0000 - 0x00007fff0303a000 	C:\WINDOWS\WinSxS\amd64_microsoft.windows.common-controls_6595b64144ccf1df_6.0.19041.1110_none_60b5254171f9507e\COMCTL32.dll
0x00007fff0f3e0000 - 0x00007fff0f4f5000 	C:\WINDOWS\System32\gdi32full.dll
0x00007fff0f530000 - 0x00007fff0f5cd000 	C:\WINDOWS\System32\msvcp_win.dll
0x00007fff07a90000 - 0x00007fff07a9a000 	C:\WINDOWS\SYSTEM32\VERSION.dll
0x00007fff115d0000 - 0x00007fff11600000 	C:\WINDOWS\System32\IMM32.DLL
0x00007fff0af40000 - 0x00007fff0af4c000 	C:\Program Files\Java\jdk-20\bin\vcruntime140_1.dll
0x00007ffed3820000 - 0x00007ffed38ae000 	C:\Program Files\Java\jdk-20\bin\msvcp140.dll
0x00007ffebb6b0000 - 0x00007ffebc347000 	C:\Program Files\Java\jdk-20\bin\server\jvm.dll
0x00007fff05a40000 - 0x00007fff05a67000 	C:\WINDOWS\SYSTEM32\WINMM.dll
0x00007fff0ae80000 - 0x00007fff0ae89000 	C:\WINDOWS\SYSTEM32\WSOCK32.dll
0x00007fff11460000 - 0x00007fff114cb000 	C:\WINDOWS\System32\WS2_32.dll
0x00007fff0d230000 - 0x00007fff0d242000 	C:\WINDOWS\SYSTEM32\kernel.appcore.dll
0x00007ffef03f0000 - 0x00007ffef03fa000 	C:\Program Files\Java\jdk-20\bin\jimage.dll
0x00007fff04270000 - 0x00007fff04454000 	C:\WINDOWS\SYSTEM32\DBGHELP.DLL
0x00007ffef6ab0000 - 0x00007ffef6ae4000 	C:\WINDOWS\SYSTEM32\dbgcore.DLL
0x00007fff0f600000 - 0x00007fff0f682000 	C:\WINDOWS\System32\bcryptPrimitives.dll
0x00007fff04230000 - 0x00007fff0426c000 	C:\Program Files\Java\jdk-20\bin\jdwp.dll
0x00007fff0af50000 - 0x00007fff0af5e000 	C:\Program Files\Java\jdk-20\bin\instrument.dll
0x00007ffed97c0000 - 0x00007ffed97e6000 	C:\Program Files\Java\jdk-20\bin\java.dll
0x00007ffed9810000 - 0x00007ffed9828000 	C:\Program Files\Java\jdk-20\bin\zip.dll
0x00007ffebe840000 - 0x00007ffebe917000 	C:\Program Files\Java\jdk-20\bin\jsvml.dll
0x00007fff0fd40000 - 0x00007fff10484000 	C:\WINDOWS\System32\SHELL32.dll
0x00007fff0d430000 - 0x00007fff0dbc3000 	C:\WINDOWS\SYSTEM32\windows.storage.dll
0x00007fff11600000 - 0x00007fff11954000 	C:\WINDOWS\System32\combase.dll
0x00007fff0ed10000 - 0x00007fff0ed3e000 	C:\WINDOWS\SYSTEM32\Wldp.dll
0x00007fff11970000 - 0x00007fff11a1d000 	C:\WINDOWS\System32\SHCORE.dll
0x00007fff114d0000 - 0x00007fff11525000 	C:\WINDOWS\System32\shlwapi.dll
0x00007fff0f2d0000 - 0x00007fff0f2ef000 	C:\WINDOWS\SYSTEM32\profapi.dll
0x00007ffee6650000 - 0x00007ffee6663000 	C:\Program Files\Java\jdk-20\bin\net.dll
0x00007fff09040000 - 0x00007fff0914a000 	C:\WINDOWS\SYSTEM32\WINHTTP.dll
0x00007fff0eaf0000 - 0x00007fff0eb5a000 	C:\WINDOWS\system32\mswsock.dll
0x00007ffed9d70000 - 0x00007ffed9d86000 	C:\Program Files\Java\jdk-20\bin\nio.dll
0x00007fff03490000 - 0x00007fff0349c000 	C:\Program Files\Java\jdk-20\bin\dt_socket.dll
0x00007fff0e7b0000 - 0x00007fff0e7ec000 	C:\WINDOWS\SYSTEM32\IPHLPAPI.DLL
0x0000011dab2e0000 - 0x0000011dab2e3000 	C:\Users\onlyt\.openjfx\cache\17.0.6\api-ms-win-core-console-l1-1-0.dll
0x0000011dab2f0000 - 0x0000011dab2f3000 	C:\Users\onlyt\.openjfx\cache\17.0.6\api-ms-win-core-console-l1-2-0.dll
0x0000011dab300000 - 0x0000011dab303000 	C:\Users\onlyt\.openjfx\cache\17.0.6\api-ms-win-core-datetime-l1-1-0.dll
0x0000011dad1f0000 - 0x0000011dad1f3000 	C:\Users\onlyt\.openjfx\cache\17.0.6\api-ms-win-core-debug-l1-1-0.dll
0x0000011dad200000 - 0x0000011dad203000 	C:\Users\onlyt\.openjfx\cache\17.0.6\api-ms-win-core-errorhandling-l1-1-0.dll
0x0000011dad210000 - 0x0000011dad214000 	C:\Users\onlyt\.openjfx\cache\17.0.6\api-ms-win-core-file-l1-1-0.dll
0x0000011dad220000 - 0x0000011dad223000 	C:\Users\onlyt\.openjfx\cache\17.0.6\api-ms-win-core-file-l1-2-0.dll
0x0000011dad230000 - 0x0000011dad233000 	C:\Users\onlyt\.openjfx\cache\17.0.6\api-ms-win-core-file-l2-1-0.dll
0x0000011dad240000 - 0x0000011dad243000 	C:\Users\onlyt\.openjfx\cache\17.0.6\api-ms-win-core-handle-l1-1-0.dll
0x0000011dad250000 - 0x0000011dad253000 	C:\Users\onlyt\.openjfx\cache\17.0.6\api-ms-win-core-heap-l1-1-0.dll
0x0000011dad260000 - 0x0000011dad263000 	C:\Users\onlyt\.openjfx\cache\17.0.6\api-ms-win-core-interlocked-l1-1-0.dll
0x0000011dad270000 - 0x0000011dad273000 	C:\Users\onlyt\.openjfx\cache\17.0.6\api-ms-win-core-libraryloader-l1-1-0.dll
0x0000011dad280000 - 0x0000011dad283000 	C:\Users\onlyt\.openjfx\cache\17.0.6\api-ms-win-core-localization-l1-2-0.dll
0x0000011dad290000 - 0x0000011dad293000 	C:\Users\onlyt\.openjfx\cache\17.0.6\api-ms-win-core-memory-l1-1-0.dll
0x0000011dad2a0000 - 0x0000011dad2a3000 	C:\Users\onlyt\.openjfx\cache\17.0.6\api-ms-win-core-namedpipe-l1-1-0.dll
0x0000011dad2b0000 - 0x0000011dad2b3000 	C:\Users\onlyt\.openjfx\cache\17.0.6\api-ms-win-core-processenvironment-l1-1-0.dll
0x0000011dcceb0000 - 0x0000011dcceb3000 	C:\Users\onlyt\.openjfx\cache\17.0.6\api-ms-win-core-processthreads-l1-1-0.dll
0x0000011dccfd0000 - 0x0000011dccfd3000 	C:\Users\onlyt\.openjfx\cache\17.0.6\api-ms-win-core-processthreads-l1-1-1.dll
0x0000011dccfe0000 - 0x0000011dccfe3000 	C:\Users\onlyt\.openjfx\cache\17.0.6\api-ms-win-core-profile-l1-1-0.dll
0x0000011dccff0000 - 0x0000011dccff3000 	C:\Users\onlyt\.openjfx\cache\17.0.6\api-ms-win-core-rtlsupport-l1-1-0.dll
0x0000011dd2bd0000 - 0x0000011dd2bd3000 	C:\Users\onlyt\.openjfx\cache\17.0.6\api-ms-win-core-string-l1-1-0.dll
0x0000011dd2be0000 - 0x0000011dd2be3000 	C:\Users\onlyt\.openjfx\cache\17.0.6\api-ms-win-core-synch-l1-1-0.dll
0x0000011dd2bf0000 - 0x0000011dd2bf3000 	C:\Users\onlyt\.openjfx\cache\17.0.6\api-ms-win-core-synch-l1-2-0.dll
0x0000011dd2c00000 - 0x0000011dd2c03000 	C:\Users\onlyt\.openjfx\cache\17.0.6\api-ms-win-core-sysinfo-l1-1-0.dll
0x0000011dd2c10000 - 0x0000011dd2c13000 	C:\Users\onlyt\.openjfx\cache\17.0.6\api-ms-win-core-timezone-l1-1-0.dll
0x0000011dccec0000 - 0x0000011dccec3000 	C:\Users\onlyt\.openjfx\cache\17.0.6\api-ms-win-core-util-l1-1-0.dll
0x0000011dcced0000 - 0x0000011dcced3000 	C:\Users\onlyt\.openjfx\cache\17.0.6\api-ms-win-crt-conio-l1-1-0.dll
0x0000011dccee0000 - 0x0000011dccee4000 	C:\Users\onlyt\.openjfx\cache\17.0.6\api-ms-win-crt-convert-l1-1-0.dll
0x0000011dccef0000 - 0x0000011dccef3000 	C:\Users\onlyt\.openjfx\cache\17.0.6\api-ms-win-crt-environment-l1-1-0.dll
0x0000011dccf00000 - 0x0000011dccf03000 	C:\Users\onlyt\.openjfx\cache\17.0.6\api-ms-win-crt-filesystem-l1-1-0.dll
0x0000011dccf10000 - 0x0000011dccf13000 	C:\Users\onlyt\.openjfx\cache\17.0.6\api-ms-win-crt-heap-l1-1-0.dll
0x0000011dccf20000 - 0x0000011dccf23000 	C:\Users\onlyt\.openjfx\cache\17.0.6\api-ms-win-crt-locale-l1-1-0.dll
0x0000011dccf30000 - 0x0000011dccf35000 	C:\Users\onlyt\.openjfx\cache\17.0.6\api-ms-win-crt-math-l1-1-0.dll
0x0000011dccf40000 - 0x0000011dccf45000 	C:\Users\onlyt\.openjfx\cache\17.0.6\api-ms-win-crt-multibyte-l1-1-0.dll
0x0000011dccf50000 - 0x0000011dccf60000 	C:\Users\onlyt\.openjfx\cache\17.0.6\api-ms-win-crt-private-l1-1-0.dll
0x0000011dccf60000 - 0x0000011dccf63000 	C:\Users\onlyt\.openjfx\cache\17.0.6\api-ms-win-crt-process-l1-1-0.dll
0x0000011dccf70000 - 0x0000011dccf74000 	C:\Users\onlyt\.openjfx\cache\17.0.6\api-ms-win-crt-runtime-l1-1-0.dll
0x0000011dccf80000 - 0x0000011dccf84000 	C:\Users\onlyt\.openjfx\cache\17.0.6\api-ms-win-crt-stdio-l1-1-0.dll
0x0000011dccf90000 - 0x0000011dccf94000 	C:\Users\onlyt\.openjfx\cache\17.0.6\api-ms-win-crt-string-l1-1-0.dll
0x0000011dccfa0000 - 0x0000011dccfa3000 	C:\Users\onlyt\.openjfx\cache\17.0.6\api-ms-win-crt-time-l1-1-0.dll
0x0000011dccfb0000 - 0x0000011dccfb3000 	C:\Users\onlyt\.openjfx\cache\17.0.6\api-ms-win-crt-utility-l1-1-0.dll
0x00007ffec4290000 - 0x00007ffec438c000 	C:\Users\onlyt\.openjfx\cache\17.0.6\ucrtbase.dll
0x00007ffef0240000 - 0x00007ffef025a000 	C:\Users\onlyt\.openjfx\cache\17.0.6\vcruntime140.dll
0x00007ffef0230000 - 0x00007ffef023c000 	C:\Users\onlyt\.openjfx\cache\17.0.6\vcruntime140_1.dll
0x00007ffed76a0000 - 0x00007ffed772d000 	C:\Users\onlyt\.openjfx\cache\17.0.6\msvcp140.dll
0x00007ffeee030000 - 0x00007ffeee039000 	C:\Users\onlyt\.openjfx\cache\17.0.6\msvcp140_1.dll
0x00007ffeee000000 - 0x00007ffeee02f000 	C:\Users\onlyt\.openjfx\cache\17.0.6\msvcp140_2.dll
0x00007ffeedfd0000 - 0x00007ffeedffa000 	C:\Users\onlyt\.openjfx\cache\17.0.6\prism_d3d.dll
0x00007ffec8280000 - 0x00007ffec844d000 	C:\WINDOWS\system32\d3d9.dll
0x00007fff0d050000 - 0x00007fff0d07f000 	C:\WINDOWS\SYSTEM32\dwmapi.dll
0x00007fff0cd40000 - 0x00007fff0cdde000 	C:\WINDOWS\system32\uxtheme.dll
0x00007fff062a0000 - 0x00007fff0635c000 	C:\WINDOWS\System32\DriverStore\FileRepository\nv_dispi.inf_amd64_0905d5f86c27c241\nvldumdx.dll
0x00007fff0ef80000 - 0x00007fff0ef92000 	C:\WINDOWS\SYSTEM32\msasn1.dll
0x00007fff07a50000 - 0x00007fff07a81000 	C:\WINDOWS\SYSTEM32\cryptnet.dll
0x00007fff0f700000 - 0x00007fff0f85e000 	C:\WINDOWS\System32\CRYPT32.dll
0x00007fff067a0000 - 0x00007fff068e8000 	C:\WINDOWS\SYSTEM32\drvstore.dll
0x00007fff0f140000 - 0x00007fff0f16c000 	C:\WINDOWS\SYSTEM32\devobj.dll
0x00007fff0f390000 - 0x00007fff0f3de000 	C:\WINDOWS\System32\cfgmgr32.dll
0x00007fff0ec80000 - 0x00007fff0ec8c000 	C:\WINDOWS\SYSTEM32\cryptbase.dll
0x00007fff0f690000 - 0x00007fff0f6f7000 	C:\WINDOWS\System32\wintrust.dll
0x00007fff10ea0000 - 0x00007fff10ebd000 	C:\WINDOWS\System32\imagehlp.dll
0x00007fff0ed50000 - 0x00007fff0ed68000 	C:\WINDOWS\SYSTEM32\CRYPTSP.dll
0x00007fff0e350000 - 0x00007fff0e384000 	C:\WINDOWS\system32\rsaenh.dll
0x00007fff0f500000 - 0x00007fff0f527000 	C:\WINDOWS\System32\bcrypt.dll
0x00007ffea5b80000 - 0x00007ffea8d0d000 	C:\WINDOWS\System32\DriverStore\FileRepository\nv_dispi.inf_amd64_0905d5f86c27c241\nvd3dumx.dll
0x00007ffed9830000 - 0x00007ffed9872000 	C:\Users\onlyt\.openjfx\cache\17.0.6\glass.dll
0x00007fff10650000 - 0x00007fff1072a000 	C:\WINDOWS\System32\COMDLG32.dll
0x00007fff10730000 - 0x00007fff1085a000 	C:\WINDOWS\System32\ole32.dll
0x00007fff10f20000 - 0x00007fff10fed000 	C:\WINDOWS\System32\OLEAUT32.dll
0x00007fff11b50000 - 0x00007fff11c64000 	C:\WINDOWS\System32\MSCTF.dll
0x00007ffec0260000 - 0x00007ffec0531000 	C:\WINDOWS\system32\nvspcap64.dll
0x00007fff0e470000 - 0x00007fff0e4a3000 	C:\WINDOWS\SYSTEM32\ntmarta.dll
0x00007fff0dbe0000 - 0x00007fff0dc03000 	C:\WINDOWS\SYSTEM32\gpapi.dll
0x00007fff06670000 - 0x00007fff066ab000 	C:\WINDOWS\SYSTEM32\dxcore.dll
0x00007ffee7fc0000 - 0x00007ffee7fd4000 	C:\Users\onlyt\.openjfx\cache\17.0.6\javafx_font.dll
0x00007ffeeabf0000 - 0x00007ffeeae6f000 	C:\WINDOWS\SYSTEM32\dwrite.dll
0x00007fff10b60000 - 0x00007fff10c09000 	C:\WINDOWS\System32\clbcatq.dll
0x00007fff083f0000 - 0x00007fff085a4000 	C:\WINDOWS\SYSTEM32\WindowsCodecs.dll
0x00007ffee79d0000 - 0x00007ffee7a0e000 	C:\WINDOWS\system32\dataexchange.dll
0x00007fff0b050000 - 0x00007fff0b2b3000 	C:\WINDOWS\system32\d3d11.dll

dbghelp: loaded successfully - version: 4.0.5 - missing functions: none
symbol engine: initialized successfully - sym options: 0x614 - pdb path: .;C:\Program Files\Java\jdk-20\bin;C:\WINDOWS\SYSTEM32;C:\WINDOWS\WinSxS\amd64_microsoft.windows.common-controls_6595b64144ccf1df_6.0.19041.1110_none_60b5254171f9507e;C:\Program Files\Java\jdk-20\bin\server;C:\Users\onlyt\.openjfx\cache\17.0.6;C:\WINDOWS\System32\DriverStore\FileRepository\nv_dispi.inf_amd64_0905d5f86c27c241;C:\Program Files\Common Files\Microsoft Shared\Ink

VM Arguments:
jvm_args: -agentlib:jdwp=transport=dt_socket,address=127.0.0.1:4448,suspend=y,server=n -javaagent:C:\Users\onlyt\AppData\Local\JetBrains\IntelliJIdea2023.2\captureAgent\debugger-agent.jar -Dfile.encoding=UTF-8 -Dsun.stdout.encoding=UTF-8 -Dsun.stderr.encoding=UTF-8 --module-path=D:\Programmation\idea\Puzzle-l3-2023-grp6\target\classes;C:\Users\onlyt\.m2\repository\org\openjfx\javafx-fxml\17.0.6\javafx-fxml-17.0.6-win.jar;C:\Users\onlyt\.m2\repository\org\openjfx\javafx-base\17.0.6\javafx-base-17.0.6-win.jar;C:\Users\onlyt\.m2\repository\org\openjfx\javafx-graphics\17.0.6\javafx-graphics-17.0.6-win.jar;C:\Users\onlyt\.m2\repository\org\openjfx\javafx-controls\17.0.6\javafx-controls-17.0.6-win.jar;C:\Program Files\Java\jdk-20\mysql-connector-java-8.2.0.jar -Djdk.module.main=com.example.puzzle 
java_command: com.example.puzzle/projet.PuzzleApplication
java_class_path (initial): C:\Users\onlyt\.m2\repository\org\openjfx\javafx-controls\17.0.6\javafx-controls-17.0.6.jar;C:\Users\onlyt\.m2\repository\org\openjfx\javafx-graphics\17.0.6\javafx-graphics-17.0.6.jar;C:\Users\onlyt\.m2\repository\org\openjfx\javafx-base\17.0.6\javafx-base-17.0.6.jar;C:\Users\onlyt\.m2\repository\org\openjfx\javafx-fxml\17.0.6\javafx-fxml-17.0.6.jar;C:\Users\onlyt\.m2\repository\org\jetbrains\annotations\24.1.0\annotations-24.1.0.jar;C:\Program Files\JetBrains\IntelliJ IDEA 2023.2.1\lib\idea_rt.jar
Launcher Type: SUN_STANDARD

[Global flags]
     intx CICompilerCount                          = 4                                         {product} {ergonomic}
     uint ConcGCThreads                            = 3                                         {product} {ergonomic}
     uint G1ConcRefinementThreads                  = 10                                        {product} {ergonomic}
   size_t G1HeapRegionSize                         = 2097152                                   {product} {ergonomic}
    uintx GCDrainStackTargetSize                   = 64                                        {product} {ergonomic}
   size_t InitialHeapSize                          = 268435456                                 {product} {ergonomic}
   size_t MarkStackSize                            = 4194304                                   {product} {ergonomic}
   size_t MaxHeapSize                              = 4282384384                                {product} {ergonomic}
   size_t MaxNewSize                               = 2569011200                                {product} {ergonomic}
   size_t MinHeapDeltaBytes                        = 2097152                                   {product} {ergonomic}
   size_t MinHeapSize                              = 8388608                                   {product} {ergonomic}
    uintx NonNMethodCodeHeapSize                   = 5839372                                {pd product} {ergonomic}
    uintx NonProfiledCodeHeapSize                  = 122909434                              {pd product} {ergonomic}
    uintx ProfiledCodeHeapSize                     = 122909434                              {pd product} {ergonomic}
    uintx ReservedCodeCacheSize                    = 251658240                              {pd product} {ergonomic}
     bool SegmentedCodeCache                       = true                                      {product} {ergonomic}
   size_t SoftMaxHeapSize                          = 4282384384                             {manageable} {ergonomic}
     bool UseCompressedClassPointers               = true                           {product lp64_product} {ergonomic}
     bool UseCompressedOops                        = true                           {product lp64_product} {ergonomic}
     bool UseG1GC                                  = true                                      {product} {ergonomic}
     bool UseLargePagesIndividualAllocation        = false                                  {pd product} {ergonomic}

Logging:
Log output configuration:
 #0: stdout all=warning uptime,level,tags foldmultilines=false
 #1: stderr all=off uptime,level,tags foldmultilines=false

Environment Variables:
JAVA_HOME=C:\Program Files\Java\jdk-20
PATH=C:\Program Files\Eclipse Adoptium\jdk-17.0.8.7-hotspot\bin;C:\Program Files\Common Files\Oracle\Java\javapath;C:\Program Files\Microsoft\jdk-11.0.16.101-hotspot\bin;C:\WINDOWS\system32;C:\WINDOWS;C:\WINDOWS\System32\Wbem;C:\WINDOWS\System32\WindowsPowerShell\v1.0\;C:\WINDOWS\System32\OpenSSH\;C:\Program Files (x86)\NVIDIA Corporation\PhysX\Common;C:\Program Files\NVIDIA Corporation\NVIDIA NvDLISR;C:\Program Files\Microsoft SQL Server\150\Tools\Binn\;C:\Program Files\Microsoft SQL Server\Client SDK\ODBC\170\Tools\Binn\;C:\Program Files\Java\jdk-20\bin;C:\Program Files (x86)\Windows Kits\10\Windows Performance Toolkit\;C:\Program Files\dotnet\;C:\Program Files\Git\cmd;C:\Program Files\apache-maven-3.9.5\bin;C:\Users\onlyt\AppData\Local\Microsoft\WindowsApps;C:\Program Files\Java\jdk-20\bin;C:\Users\onlyt\.dotnet\tools;C:\Users\onlyt\AppData\Local\Programs\Microsoft VS Code\bin;C:\Program Files\Java\jdk-20\bin;C:\Program Files\JetBrains\IntelliJ IDEA 2023.2.1\bin;;C:\Program Files\apache-maven-3.9.5\bin;
USERNAME=onlyt
OS=Windows_NT
PROCESSOR_IDENTIFIER=Intel64 Family 6 Model 158 Stepping 10, GenuineIntel
TMP=C:\Users\onlyt\AppData\Local\Temp
TEMP=C:\Users\onlyt\AppData\Local\Temp




---------------  S Y S T E M  ---------------

OS:
 Windows 10 , 64 bit Build 19041 (10.0.19041.2913)
OS uptime: 1 days 22:27 hours
Hyper-V role detected

CPU: total 12 (initial active 12) (6 cores per cpu, 2 threads per core) family 6 model 158 stepping 10 microcode 0xb4, cx8, cmov, fxsr, ht, mmx, 3dnowpref, sse, sse2, sse3, ssse3, sse4.1, sse4.2, popcnt, lzcnt, tsc, tscinvbit, avx, avx2, aes, erms, clmul, bmi1, bmi2, rtm, adx, fma, vzeroupper, clflush, clflushopt, hv, rdtscp, f16c

Memory: 4k page, system-wide physical 16332M (6204M free)
TotalPageFile size 22732M (AvailPageFile size 5998M)
current process WorkingSet (physical memory assigned to process): 178M, peak: 180M
current process commit charge ("private bytes"): 453M, peak: 455M

vm_info: Java HotSpot(TM) 64-Bit Server VM (20+36-2344) for windows-amd64 JRE (20+36-2344), built on 2023-02-10T19:30:15Z by "mach5one" with MS VC++ 17.1 (VS2022)

END.
